[INFO ] [2021-06-21 15:46:40,383] Pre-Condition: Open browser: 'chrome' and navigate to: 'https://opensource-demo.orangehrmlive.com/index.php/dashboard'
[INFO ] [2021-06-21 15:46:48,001] Post Condition: Close browser
[INFO ] [2021-06-21 20:27:16,225] Pre-Condition Step 01: Open browser: 'chrome' and navigate to: 'https://opensource-demo.orangehrmlive.com/index.php/dashboard'
[INFO ] [2021-06-21 20:27:22,953] Pre-Condition Step 02: Enter to Username textbox
[INFO ] [2021-06-21 20:27:23,373] Pre-Condition Step 03: Enter to Password textbox
[INFO ] [2021-06-21 20:27:23,517] Pre-Condition Step 04: Click To Login button
[INFO ] [2021-06-21 20:27:23,596] Post Condition: Close browser
[INFO ] [2021-06-21 20:29:13,386] Pre-Condition Step 01: Open browser: 'chrome' and navigate to: 'https://opensource-demo.orangehrmlive.com/index.php/dashboard'
[INFO ] [2021-06-21 20:29:20,052] Pre-Condition Step 02: Enter to Username textbox
[INFO ] [2021-06-21 20:29:20,268] Pre-Condition Step 03: Enter to Password textbox
[INFO ] [2021-06-21 20:29:20,392] Pre-Condition Step 04: Click To Login button
[INFO ] [2021-06-21 20:29:25,795] Post Condition: Close browser
[INFO ] [2021-06-21 21:21:44,745] Pre-Condition Step 01: Open browser: 'chrome' and navigate to: 'https://opensource-demo.orangehrmlive.com/index.php/dashboard'
[INFO ] [2021-06-21 21:21:51,724] Pre-Condition Step 02: Enter to Username textbox
[INFO ] [2021-06-21 21:21:51,956] Pre-Condition Step 03: Enter to Password textbox
[INFO ] [2021-06-21 21:21:52,095] Pre-Condition Step 04: Click To Login button
[INFO ] [2021-06-21 21:21:57,803] Emp_01 Step 01: Mouse hover to PIM Menu
[INFO ] [2021-06-21 21:21:58,034] Emp_01 Step 02: Click to Add Employee link
[INFO ] [2021-06-21 21:21:59,265] Emp_01 Step 03: Enter Fist Name textbox
[INFO ] [2021-06-21 21:21:59,265] Emp_01 Step 04: Enter Last Name textbox
[INFO ] [2021-06-21 21:21:59,265] Emp_01 Step 05: Input Photograph file
[INFO ] [2021-06-21 21:21:59,271] Emp_01 Step 02: Click to Save button
[INFO ] [2021-06-21 21:21:59,301] Post Condition: Close browser
[INFO ] [2021-06-21 21:22:47,056] Pre-Condition Step 01: Open browser: 'chrome' and navigate to: 'https://opensource-demo.orangehrmlive.com/index.php/dashboard'
[INFO ] [2021-06-21 21:22:53,717] Pre-Condition Step 02: Enter to Username textbox
[INFO ] [2021-06-21 21:22:53,887] Pre-Condition Step 03: Enter to Password textbox
[INFO ] [2021-06-21 21:22:54,014] Pre-Condition Step 04: Click To Login button
[INFO ] [2021-06-21 21:22:58,758] Emp_01 Step 01: Mouse hover to PIM Menu
[INFO ] [2021-06-21 21:22:59,111] Emp_01 Step 02: Click to Add Employee link
[INFO ] [2021-06-21 21:23:05,600] Emp_01 Step 03: Enter Fist Name textbox
[INFO ] [2021-06-21 21:23:05,600] Emp_01 Step 04: Enter Last Name textbox
[INFO ] [2021-06-21 21:23:05,600] Emp_01 Step 05: Input Photograph file
[INFO ] [2021-06-21 21:23:05,600] Emp_01 Step 02: Click to Save button
[INFO ] [2021-06-21 21:23:05,651] Post Condition: Close browser
[INFO ] [2021-06-21 21:43:17,183] Pre-Condition Step 01: Open browser: 'chrome' and navigate to: 'https://opensource-demo.orangehrmlive.com/index.php/dashboard'
[INFO ] [2021-06-21 21:43:24,297] Pre-Condition Step 02: Enter to Username textbox
[INFO ] [2021-06-21 21:43:24,453] Pre-Condition Step 03: Enter to Password textbox
[INFO ] [2021-06-21 21:43:24,605] Pre-Condition Step 04: Click To Login button
[INFO ] [2021-06-21 21:43:29,904] Emp_01 Step 01: Mouse hover to PIM Menu
[INFO ] [2021-06-21 21:43:30,083] Emp_01 Step 02: Click to Add Employee link
[INFO ] [2021-06-21 21:43:36,644] Emp_01 Step 03: Enter Fist Name textbox
[INFO ] [2021-06-21 21:43:36,644] Emp_01 Step 04: Enter Last Name textbox
[INFO ] [2021-06-21 21:43:36,644] Emp_01 Step 05: Input Photograph file
[INFO ] [2021-06-21 21:43:36,645] Emp_01 Step 02: Click to Save button
[INFO ] [2021-06-21 21:43:36,674] Post Condition: Close browser
[INFO ] [2021-06-21 21:47:21,237] Pre-Condition Step 01: Open browser: 'chrome' and navigate to: 'https://opensource-demo.orangehrmlive.com/index.php/dashboard'
[INFO ] [2021-06-21 21:47:27,767] Pre-Condition Step 02: Enter to Username textbox
[INFO ] [2021-06-21 21:47:27,924] Pre-Condition Step 03: Enter to Password textbox
[INFO ] [2021-06-21 21:47:28,057] Pre-Condition Step 04: Click To Login button
[INFO ] [2021-06-21 21:47:32,500] Emp_01 Step 01: Mouse hover to PIM Menu
[INFO ] [2021-06-21 21:47:32,724] Emp_01 Step 02: Click to Add Employee link
[INFO ] [2021-06-21 21:47:38,935] Emp_01 Step 03: Enter Fist Name textbox
[INFO ] [2021-06-21 21:47:38,936] Emp_01 Step 04: Enter Last Name textbox
[INFO ] [2021-06-21 21:47:38,937] Emp_01 Step 05: Input Photograph file
[INFO ] [2021-06-21 21:47:38,937] Emp_01 Step 02: Click to Save button
[INFO ] [2021-06-21 21:47:38,980] Post Condition: Close browser
[INFO ] [2021-06-21 22:29:54,312] Pre-Condition Step 01: Open browser: 'chrome' and navigate to: 'https://opensource-demo.orangehrmlive.com/index.php/dashboard'
[INFO ] [2021-06-21 22:30:02,675] Pre-Condition Step 02: Enter to Username textbox
[INFO ] [2021-06-21 22:30:02,865] Pre-Condition Step 03: Enter to Password textbox
[INFO ] [2021-06-21 22:30:03,006] Pre-Condition Step 04: Click To Login button
[INFO ] [2021-06-21 22:30:07,868] Emp_01 Step 01: Click to PIM Menu
[INFO ] [2021-06-21 22:30:09,751] Emp_01 Step 02: Click to Add Employee link
[INFO ] [2021-06-21 22:30:15,599] Emp_01 Step 03: Enter Fist Name textbox
[INFO ] [2021-06-21 22:30:15,599] Emp_01 Step 04: Enter Last Name textbox
[INFO ] [2021-06-21 22:30:15,600] Emp_01 Step 05: Input Photograph file
[INFO ] [2021-06-21 22:30:15,600] Emp_01 Step 02: Click to Save button
[INFO ] [2021-06-21 22:30:15,652] Post Condition: Close browser
[INFO ] [2021-06-21 22:30:59,527] Pre-Condition Step 01: Open browser: 'chrome' and navigate to: 'https://opensource-demo.orangehrmlive.com/index.php/dashboard'
[INFO ] [2021-06-21 22:31:08,156] Pre-Condition Step 02: Enter to Username textbox
[INFO ] [2021-06-21 22:31:08,358] Pre-Condition Step 03: Enter to Password textbox
[INFO ] [2021-06-21 22:31:08,501] Pre-Condition Step 04: Click To Login button
[INFO ] [2021-06-21 22:31:13,488] Emp_01 Step 01: Click to PIM Menu
[INFO ] [2021-06-21 22:31:15,411] Emp_01 Step 02: Click to Add Employee link
[INFO ] [2021-06-21 22:31:21,270] Emp_01 Step 03: Enter Fist Name textbox
[INFO ] [2021-06-21 22:31:21,270] Emp_01 Step 04: Enter Last Name textbox
[INFO ] [2021-06-21 22:31:21,270] Emp_01 Step 05: Input Photograph file
[INFO ] [2021-06-21 22:31:21,271] Emp_01 Step 02: Click to Save button
[INFO ] [2021-06-21 22:31:21,310] Post Condition: Close browser
[INFO ] [2021-06-21 22:35:15,796] Pre-Condition Step 01: Open browser: 'chrome' and navigate to: 'https://opensource-demo.orangehrmlive.com/index.php/dashboard'
[INFO ] [2021-06-21 22:35:24,758] Pre-Condition Step 02: Enter to Username textbox
[INFO ] [2021-06-21 22:35:24,954] Pre-Condition Step 03: Enter to Password textbox
[INFO ] [2021-06-21 22:35:25,101] Pre-Condition Step 04: Click To Login button
[INFO ] [2021-06-21 22:35:29,921] Emp_01 Step 01: Click to PIM Menu
[INFO ] [2021-06-21 22:35:31,880] Emp_01 Step 02: Click to Add Employee link
[INFO ] [2021-06-21 22:35:37,716] Emp_01 Step 03: Enter Fist Name textbox
[INFO ] [2021-06-21 22:35:37,862] Emp_01 Step 04: Enter Last Name textbox
[INFO ] [2021-06-21 22:35:37,887] Emp_01 Step 05: Input Photograph file
[INFO ] [2021-06-21 22:35:37,887] Emp_01 Step 02: Click to Save button
[INFO ] [2021-06-21 22:35:37,908] Post Condition: Close browser
[INFO ] [2021-06-21 22:36:52,575] Pre-Condition Step 01: Open browser: 'chrome' and navigate to: 'https://opensource-demo.orangehrmlive.com/index.php/dashboard'
[INFO ] [2021-06-21 22:37:01,147] Pre-Condition Step 02: Enter to Username textbox
[INFO ] [2021-06-21 22:37:01,329] Pre-Condition Step 03: Enter to Password textbox
[INFO ] [2021-06-21 22:37:01,472] Pre-Condition Step 04: Click To Login button
[INFO ] [2021-06-21 22:37:06,385] Emp_01 Step 01: Click to PIM Menu
[INFO ] [2021-06-21 22:37:08,250] Emp_01 Step 02: Click to Add Employee link
[INFO ] [2021-06-21 22:37:14,055] Emp_01 Step 03: Enter Fist Name textbox
[INFO ] [2021-06-21 22:37:14,188] Emp_01 Step 04: Enter Last Name textbox
[INFO ] [2021-06-21 22:37:14,289] Emp_01 Step 05: Input Photograph file
[INFO ] [2021-06-21 22:37:14,289] Emp_01 Step 02: Click to Save button
[INFO ] [2021-06-21 22:37:14,313] Post Condition: Close browser
[INFO ] [2021-06-21 22:50:29,353] Pre-Condition Step 01: Open browser: 'chrome' and navigate to: 'https://opensource-demo.orangehrmlive.com/index.php/dashboard'
[INFO ] [2021-06-21 22:50:37,977] Pre-Condition Step 02: Enter to Username textbox
[INFO ] [2021-06-21 22:50:38,195] Pre-Condition Step 03: Enter to Password textbox
[INFO ] [2021-06-21 22:50:38,399] Pre-Condition Step 04: Click To Login button
[INFO ] [2021-06-21 22:50:43,367] Emp_01 Step 01: Click to PIM Menu
[INFO ] [2021-06-21 22:50:45,369] Emp_01 Step 02: Click to Add Employee link
[INFO ] [2021-06-21 22:50:45,402] Post Condition: Close browser
[INFO ] [2021-06-21 22:51:59,752] Pre-Condition Step 01: Open browser: 'chrome' and navigate to: 'https://opensource-demo.orangehrmlive.com/index.php/dashboard'
[INFO ] [2021-06-21 22:52:08,824] Pre-Condition Step 02: Enter to Username textbox
[INFO ] [2021-06-21 22:52:09,022] Pre-Condition Step 03: Enter to Password textbox
[INFO ] [2021-06-21 22:52:09,136] Pre-Condition Step 04: Click To Login button
[INFO ] [2021-06-21 22:52:13,901] Emp_01 Step 01: Click to PIM Menu
[INFO ] [2021-06-21 22:52:16,022] Emp_01 Step 02: Click to Add Employee link
[INFO ] [2021-06-21 22:52:21,887] Emp_01 Step 03: Enter Fist Name textbox
[INFO ] [2021-06-21 22:52:22,033] Emp_01 Step 04: Enter Last Name textbox
[INFO ] [2021-06-21 22:52:22,142] Emp_01 Step 05: Input Photograph file
[INFO ] [2021-06-21 22:52:22,142] Emp_01 Step 02: Click to Save button
[INFO ] [2021-06-21 22:52:22,162] Post Condition: Close browser
[INFO ] [2021-06-21 23:08:59,262] Pre-Condition Step 01: Open browser: 'chrome' and navigate to: 'https://opensource-demo.orangehrmlive.com/index.php/dashboard'
[INFO ] [2021-06-21 23:09:08,520] Pre-Condition Step 02: Enter to Username textbox
[INFO ] [2021-06-21 23:09:08,710] Pre-Condition Step 03: Enter to Password textbox
[INFO ] [2021-06-21 23:09:08,851] Pre-Condition Step 04: Click To Login button
[INFO ] [2021-06-21 23:09:13,510] Emp_01 Step 01: Click to PIM Menu
[INFO ] [2021-06-21 23:09:15,762] Emp_01 Step 02: Click to Add button
[INFO ] [2021-06-21 23:09:16,573] Emp_01 Step 03: Enter Fist Name textbox
[INFO ] [2021-06-21 23:09:16,703] Emp_01 Step 04: Enter Last Name textbox
[INFO ] [2021-06-21 23:09:16,807] Emp_01 Step 05: Input Photograph file
[INFO ] [2021-06-21 23:09:16,807] Emp_01 Step 02: Click to Save button
[INFO ] [2021-06-21 23:09:16,830] Post Condition: Close browser
[INFO ] [2021-06-22 05:46:44,007] Pre-Condition Step 01: Open browser: 'chrome' and navigate to: 'https://opensource-demo.orangehrmlive.com/index.php/dashboard'
[INFO ] [2021-06-22 05:46:51,092] Pre-Condition Step 02: Enter to Username textbox
[INFO ] [2021-06-22 05:46:51,272] Pre-Condition Step 03: Enter to Password textbox
[INFO ] [2021-06-22 05:46:51,408] Pre-Condition Step 04: Click To Login button
[INFO ] [2021-06-22 05:46:55,801] Emp_01 Step 01: Click to PIM Menu
[INFO ] [2021-06-22 05:46:57,791] Emp_01 Step 02: Click to Add button
[INFO ] [2021-06-22 05:46:58,700] Emp_01 Step 03: Enter Fist Name textbox
[INFO ] [2021-06-22 05:46:58,848] Emp_01 Step 04: Enter Last Name textbox
[INFO ] [2021-06-22 05:46:59,035] Emp_01 Step 05: Input Photograph file
[INFO ] [2021-06-22 05:46:59,035] Emp_01 Step 02: Click to Save button
[INFO ] [2021-06-22 05:46:59,089] Post Condition: Close browser
[INFO ] [2021-06-22 05:49:15,341] Pre-Condition Step 01: Open browser: 'chrome' and navigate to: 'https://opensource-demo.orangehrmlive.com/index.php/dashboard'
[INFO ] [2021-06-22 05:49:21,450] Pre-Condition Step 02: Enter to Username textbox
[INFO ] [2021-06-22 05:49:21,600] Pre-Condition Step 03: Enter to Password textbox
[INFO ] [2021-06-22 05:49:21,737] Pre-Condition Step 04: Click To Login button
[INFO ] [2021-06-22 05:49:25,642] Pre-Condition Step 05: Set First Name null
[INFO ] [2021-06-22 05:49:25,642] Pre-Condition Step 06: Set Last Name null
[INFO ] [2021-06-22 05:49:25,654] Emp_01 Step 01: Click to PIM Menu
[INFO ] [2021-06-22 05:49:27,495] Emp_01 Step 02: Click to Add button
[INFO ] [2021-06-22 05:49:28,308] Emp_01 Step 03: Enter Fist Name textbox
[INFO ] [2021-06-22 05:49:28,452] Emp_01 Step 04: Enter Last Name textbox
[INFO ] [2021-06-22 05:49:28,608] Emp_01 Step 05: Input Photograph file
[INFO ] [2021-06-22 05:49:28,608] Emp_01 Step 02: Click to Save button
[INFO ] [2021-06-22 05:49:28,660] Post Condition: Close browser
[INFO ] [2021-06-22 05:50:38,365] Pre-Condition Step 01: Open browser: 'chrome' and navigate to: 'https://opensource-demo.orangehrmlive.com/index.php/dashboard'
[INFO ] [2021-06-22 05:50:44,596] Pre-Condition Step 02: Enter to Username textbox
[INFO ] [2021-06-22 05:50:44,773] Pre-Condition Step 03: Enter to Password textbox
[INFO ] [2021-06-22 05:50:44,906] Pre-Condition Step 04: Click To Login button
[INFO ] [2021-06-22 05:50:48,902] Pre-Condition Step 05: Set First Name zinzin3754@hotmail.com
[INFO ] [2021-06-22 05:50:48,903] Pre-Condition Step 06: Set Last Name Ferguson
[INFO ] [2021-06-22 05:50:48,959] Emp_01 Step 01: Click to PIM Menu
[INFO ] [2021-06-22 05:50:50,838] Emp_01 Step 02: Click to Add button
[INFO ] [2021-06-22 05:50:51,792] Emp_01 Step 03: Enter Fist Name textbox
[INFO ] [2021-06-22 05:50:51,937] Emp_01 Step 04: Enter Last Name textbox
[INFO ] [2021-06-22 05:50:52,095] Emp_01 Step 05: Input Photograph file
[INFO ] [2021-06-22 05:50:52,095] Emp_01 Step 02: Click to Save button
[INFO ] [2021-06-22 05:50:52,144] Post Condition: Close browser
[INFO ] [2021-06-22 05:59:25,935] Pre-Condition Step 01: Open browser: 'chrome' and navigate to: 'https://opensource-demo.orangehrmlive.com/index.php/dashboard'
[INFO ] [2021-06-22 05:59:32,263] Pre-Condition Step 02: Enter to Username textbox
[INFO ] [2021-06-22 05:59:32,501] Pre-Condition Step 03: Enter to Password textbox
[INFO ] [2021-06-22 05:59:32,677] Pre-Condition Step 04: Click To Login button
[INFO ] [2021-06-22 05:59:35,485] Pre-Condition Step 05: Set First Name zinzin4918
[INFO ] [2021-06-22 05:59:35,485] Pre-Condition Step 06: Set Last Name Ferguson
[INFO ] [2021-06-22 05:59:35,535] Emp_01 Step 01: Click to PIM Menu
[INFO ] [2021-06-22 05:59:38,561] Emp_01 Step 02: Click to Add button
[INFO ] [2021-06-22 05:59:39,435] Emp_01 Step 03: Enter Fist Name textbox
[INFO ] [2021-06-22 05:59:39,563] Emp_01 Step 04: Enter Last Name textbox
[INFO ] [2021-06-22 05:59:39,718] Emp_01 Step 05: Input Photograph file
[INFO ] [2021-06-22 05:59:39,719] Emp_01 Step 02: Click to Save button
[INFO ] [2021-06-22 05:59:39,770] Post Condition: Close browser
[INFO ] [2021-06-22 06:00:10,163] Pre-Condition Step 01: Open browser: 'chrome' and navigate to: 'https://opensource-demo.orangehrmlive.com/index.php/dashboard'
[INFO ] [2021-06-22 06:00:15,836] Pre-Condition Step 02: Enter to Username textbox
[INFO ] [2021-06-22 06:00:15,985] Pre-Condition Step 03: Enter to Password textbox
[INFO ] [2021-06-22 06:00:16,112] Pre-Condition Step 04: Click To Login button
[INFO ] [2021-06-22 06:00:20,174] Pre-Condition Step 05: Set First Name zinzin167
[INFO ] [2021-06-22 06:00:20,175] Pre-Condition Step 06: Set Last Name Ferguson
[INFO ] [2021-06-22 06:00:20,232] Emp_01 Step 01: Click to PIM Menu
[INFO ] [2021-06-22 06:00:21,925] Emp_01 Step 02: Click to Add button
[INFO ] [2021-06-22 06:00:22,721] Emp_01 Step 03: Enter Fist Name textbox
[INFO ] [2021-06-22 06:00:22,847] Emp_01 Step 04: Enter Last Name textbox
[INFO ] [2021-06-22 06:00:23,004] Emp_01 Step 05: Input Photograph file
[INFO ] [2021-06-22 06:00:23,004] Emp_01 Step 02: Click to Save button
[INFO ] [2021-06-22 06:00:28,075] Post Condition: Close browser
[INFO ] [2021-06-22 06:01:25,680] Pre-Condition Step 01: Open browser: 'chrome' and navigate to: 'https://opensource-demo.orangehrmlive.com/index.php/dashboard'
[INFO ] [2021-06-22 06:01:31,836] Pre-Condition Step 02: Enter to Username textbox
[INFO ] [2021-06-22 06:01:32,037] Pre-Condition Step 03: Enter to Password textbox
[INFO ] [2021-06-22 06:01:32,176] Pre-Condition Step 04: Click To Login button
[INFO ] [2021-06-22 06:01:36,154] Pre-Condition Step 05: Set First Name zinzin9914
[INFO ] [2021-06-22 06:01:36,154] Pre-Condition Step 06: Set Last Name Ferguson
[INFO ] [2021-06-22 06:01:36,212] Emp_01 Step 01: Click to PIM Menu
[INFO ] [2021-06-22 06:01:37,907] Emp_01 Step 02: Click to Add button
[INFO ] [2021-06-22 06:01:38,715] Emp_01 Step 03: Enter Fist Name textbox
[INFO ] [2021-06-22 06:01:38,847] Emp_01 Step 04: Enter Last Name textbox
[INFO ] [2021-06-22 06:01:39,003] Emp_01 Step 05: Input Photograph file
[INFO ] [2021-06-22 06:01:39,003] Emp_01 Step 02: Click to Save button
[INFO ] [2021-06-22 06:01:41,100] Post Condition: Close browser
[INFO ] [2021-06-22 06:45:59,275] Pre-Condition Step 01: Open browser: 'chrome' and navigate to: 'https://opensource-demo.orangehrmlive.com/index.php/dashboard'
[INFO ] [2021-06-22 06:46:06,094] Pre-Condition Step 02: Enter to Username textbox
[INFO ] [2021-06-22 06:46:06,294] Pre-Condition Step 03: Enter to Password textbox
[INFO ] [2021-06-22 06:46:06,456] Pre-Condition Step 04: Click To Login button
[INFO ] [2021-06-22 06:46:10,819] Pre-Condition Step 05: Set First Name zinzin6603
[INFO ] [2021-06-22 06:46:10,819] Pre-Condition Step 06: Set Last Name Ferguson
[INFO ] [2021-06-22 06:46:10,873] Emp_01 Step 01: Click to PIM Menu
[INFO ] [2021-06-22 06:46:12,788] Emp_01 Step 02: Click to Add button
[INFO ] [2021-06-22 06:46:13,617] Emp_01 Step 03: Enter Fist Name textbox
[INFO ] [2021-06-22 06:46:13,747] Emp_01 Step 04: Enter Last Name textbox
[INFO ] [2021-06-22 06:46:13,916] Emp_01 Step 05: Input Photograph file
[INFO ] [2021-06-22 06:46:13,916] Emp_01 Step 06: Click to Save button
[INFO ] [2021-06-22 06:46:16,149] ---------------PASS--------------
[INFO ] [2021-06-22 06:46:16,167] Post Condition: Close browser
[INFO ] [2021-06-22 06:47:18,283] Pre-Condition Step 01: Open browser: 'chrome' and navigate to: 'https://opensource-demo.orangehrmlive.com/index.php/dashboard'
[INFO ] [2021-06-22 06:47:24,936] Pre-Condition Step 02: Enter to Username textbox
[INFO ] [2021-06-22 06:47:25,080] Pre-Condition Step 03: Enter to Password textbox
[INFO ] [2021-06-22 06:47:25,248] Pre-Condition Step 04: Click To Login button
[INFO ] [2021-06-22 06:47:29,240] Pre-Condition Step 05: Set First Name zinzin8004
[INFO ] [2021-06-22 06:47:29,240] Pre-Condition Step 06: Set Last Name Ferguson
[INFO ] [2021-06-22 06:47:29,252] Emp_01 Step 01: Click to PIM Menu
[INFO ] [2021-06-22 06:47:31,037] Emp_01 Step 02: Click to Add button
[INFO ] [2021-06-22 06:47:31,938] Emp_01 Step 03: Enter Fist Name textbox
[INFO ] [2021-06-22 06:47:32,111] Emp_01 Step 04: Enter Last Name textbox
[INFO ] [2021-06-22 06:47:32,276] Emp_01 Step 05: Input Photograph file
[INFO ] [2021-06-22 06:47:32,276] Emp_01 Step 06: Click to Save button
[INFO ] [2021-06-22 06:47:34,419] Emp_01 Step 07: Verify with Full name zinzin8004 Ferguson
[INFO ] [2021-06-22 06:47:34,474] ---------------PASS--------------
[INFO ] [2021-06-22 06:47:34,474] Emp_01 Step 06: Click to Save button
[INFO ] [2021-06-22 06:47:34,496] Post Condition: Close browser
[INFO ] [2021-06-22 07:16:29,222] Pre-Condition Step 01: Open browser: 'chrome' and navigate to: 'https://opensource-demo.orangehrmlive.com/index.php/dashboard'
[INFO ] [2021-06-22 07:16:35,754] Pre-Condition Step 02: Enter to Username textbox
[INFO ] [2021-06-22 07:16:35,984] Pre-Condition Step 03: Enter to Password textbox
[INFO ] [2021-06-22 07:16:36,109] Pre-Condition Step 04: Click To Login button
[INFO ] [2021-06-22 07:16:40,085] Pre-Condition Step 05: Set First Name zinzin7958
[INFO ] [2021-06-22 07:16:40,086] Pre-Condition Step 06: Set Last Name Ferguson
[INFO ] [2021-06-22 07:16:40,143] Emp_01 Step 01: Click to PIM Menu
[INFO ] [2021-06-22 07:16:41,989] Emp_01 Step 02: Click to Add button
[INFO ] [2021-06-22 07:16:42,781] Emp_01 Step 03: Enter Fist Name textbox
[INFO ] [2021-06-22 07:16:42,912] Emp_01 Step 04: Enter Last Name textbox
[INFO ] [2021-06-22 07:16:43,077] Emp_01 Step 05: Input Photograph file
[INFO ] [2021-06-22 07:16:43,077] Emp_01 Step 06: Click to Save button
[INFO ] [2021-06-22 07:16:45,163] Emp_01 Step 07: Verify with Full name zinzin7958 Fergusondisplayed at personal detail form
[INFO ] [2021-06-22 07:16:45,220] ---------------PASS--------------
[INFO ] [2021-06-22 07:16:45,220] Emp_01 Step 08: Verify with First name zinzin7958displayed at personal detail form
[INFO ] [2021-06-22 07:16:45,260] ----------------FAIL-------------
[INFO ] [2021-06-22 07:16:45,260] Emp_01 Step 09: Verify with Last name Fergusondisplayed at personal detail form
[INFO ] [2021-06-22 07:16:45,303] ----------------FAIL-------------
[INFO ] [2021-06-22 07:16:45,303] Emp_01 Step 10: Verify with Employee ID displayed at personal detail form
[INFO ] [2021-06-22 07:16:45,350] ---------------PASS--------------
[INFO ] [2021-06-22 07:16:45,370] Post Condition: Close browser
[INFO ] [2021-06-22 07:21:22,863] Pre-Condition Step 01: Open browser: 'chrome' and navigate to: 'https://opensource-demo.orangehrmlive.com/index.php/dashboard'
[INFO ] [2021-06-22 07:21:29,261] Pre-Condition Step 02: Enter to Username textbox
[INFO ] [2021-06-22 07:21:29,412] Pre-Condition Step 03: Enter to Password textbox
[INFO ] [2021-06-22 07:21:29,533] Pre-Condition Step 04: Click To Login button
[INFO ] [2021-06-22 07:21:33,745] Pre-Condition Step 05: Set First Name zinzin9163
[INFO ] [2021-06-22 07:21:33,745] Pre-Condition Step 06: Set Last Name Ferguson
[INFO ] [2021-06-22 07:21:33,809] Emp_01 Step 01: Click to PIM Menu
[INFO ] [2021-06-22 07:21:35,671] Emp_01 Step 02: Click to Add button
[INFO ] [2021-06-22 07:21:36,556] Emp_01 Step 03: Enter Fist Name textbox
[INFO ] [2021-06-22 07:21:36,683] Emp_01 Step 04: Enter Last Name textbox
[INFO ] [2021-06-22 07:21:36,851] Emp_01 Step 05: Input Photograph file
[INFO ] [2021-06-22 07:21:36,851] Emp_01 Step 06: Click to Save button
[INFO ] [2021-06-22 07:21:38,876] Emp_01 Step 07: Verify with Full name zinzin9163 Ferguson displayed at personal detail form
[INFO ] [2021-06-22 07:21:38,925] ---------------PASS--------------
[INFO ] [2021-06-22 07:21:38,925] Emp_01 Step 08: Verify with First name zinzin9163 displayed at personal detail form
[INFO ] [2021-06-22 07:21:38,966] ----------------FAIL-------------
[INFO ] [2021-06-22 07:21:38,967] Emp_01 Step 09: Verify with Last name Ferguson displayed at personal detail form
[INFO ] [2021-06-22 07:21:39,011] ----------------FAIL-------------
[INFO ] [2021-06-22 07:21:39,012] Emp_01 Step 10: Verify with Employee ID  displayed at personal detail form
[INFO ] [2021-06-22 07:21:39,055] ---------------PASS--------------
[INFO ] [2021-06-22 07:21:39,074] Post Condition: Close browser
[INFO ] [2021-06-22 07:28:54,715] Pre-Condition Step 01: Open browser: 'chrome' and navigate to: 'https://opensource-demo.orangehrmlive.com/index.php/dashboard'
[INFO ] [2021-06-22 07:29:00,983] Pre-Condition Step 02: Enter to Username textbox
[INFO ] [2021-06-22 07:29:01,128] Pre-Condition Step 03: Enter to Password textbox
[INFO ] [2021-06-22 07:29:01,262] Pre-Condition Step 04: Click To Login button
[INFO ] [2021-06-22 07:29:04,069] Pre-Condition Step 05: Set First Name zinzin612
[INFO ] [2021-06-22 07:29:04,069] Pre-Condition Step 06: Set Last Name Ferguson
[INFO ] [2021-06-22 07:29:04,125] Emp_01 Step 01: Click to PIM Menu
[INFO ] [2021-06-22 07:29:07,023] Emp_01 Step 02: Click to Add button
[INFO ] [2021-06-22 07:29:07,844] Emp_01 Step 03: Enter Fist Name textbox
[INFO ] [2021-06-22 07:29:08,050] Emp_01 Step 04: Enter Last Name textbox
[INFO ] [2021-06-22 07:29:08,217] Emp_01 Step 05: Input Photograph file
[INFO ] [2021-06-22 07:29:08,217] Emp_01 Step 06: Click to Save button
[INFO ] [2021-06-22 07:29:10,135] Emp_01 Step 07: Verify with Full name zinzin612 Ferguson displayed at personal detail form
[INFO ] [2021-06-22 07:29:10,193]  -------------------------- PASSED -------------------------- 
[INFO ] [2021-06-22 07:29:10,194] Emp_01 Step 08: Verify with First name zinzin612 displayed at personal detail form
[INFO ] [2021-06-22 07:29:10,236] ----------------FAIL-------------
[INFO ] [2021-06-22 07:29:10,236] Emp_01 Step 09: Verify with Last name Ferguson displayed at personal detail form
[INFO ] [2021-06-22 07:29:10,287] ----------------FAIL-------------
[INFO ] [2021-06-22 07:29:10,287] Emp_01 Step 10: Verify with Employee ID  displayed at personal detail form
[INFO ] [2021-06-22 07:29:10,334] ---------------PASS--------------
[INFO ] [2021-06-22 07:29:10,354] Post Condition: Close browser
[INFO ] [2021-06-22 07:46:02,952] Pre-Condition Step 01: Open browser: 'chrome' and navigate to: 'https://opensource-demo.orangehrmlive.com/index.php/dashboard'
[INFO ] [2021-06-22 07:46:09,120] Pre-Condition Step 02: Enter to Username textbox
[INFO ] [2021-06-22 07:46:09,321] Pre-Condition Step 03: Enter to Password textbox
[INFO ] [2021-06-22 07:46:09,455] Pre-Condition Step 04: Click To Login button
[INFO ] [2021-06-22 07:46:13,947] Pre-Condition Step 05: Set First Name zinzin3111
[INFO ] [2021-06-22 07:46:13,948] Pre-Condition Step 06: Set Last Name Ferguson
[INFO ] [2021-06-22 07:46:14,006] Emp_01 Step 01: Click to PIM Menu
[INFO ] [2021-06-22 07:46:15,883] Emp_01 Step 02: Click to Add button
[INFO ] [2021-06-22 07:46:16,746] Emp_01 Step 03: Enter Fist Name textbox
[INFO ] [2021-06-22 07:46:16,873] Emp_01 Step 04: Enter Last Name textbox
[INFO ] [2021-06-22 07:46:17,025] Emp_01 Step 05: Input Photograph file
[INFO ] [2021-06-22 07:46:17,026] Emp_01 Step 06: Click to Save button
[INFO ] [2021-06-22 07:46:19,250] Emp_01 Step 07: Verify with Full name zinzin3111 Ferguson displayed at personal detail form
[INFO ] [2021-06-22 07:46:19,306]  -------------------------- PASSED -------------------------- 
[INFO ] [2021-06-22 07:46:19,307] Emp_01 Step 08: Verify with First name zinzin3111 displayed at personal detail form
[INFO ] [2021-06-22 07:46:19,351] ----------------FAIL-------------
[INFO ] [2021-06-22 07:46:19,351] Emp_01 Step 09: Verify with Last name Ferguson displayed at personal detail form
[INFO ] [2021-06-22 07:46:19,396] ----------------FAIL-------------
[INFO ] [2021-06-22 07:46:19,396] Emp_01 Step 10: Verify with Employee ID  displayed at personal detail form
[INFO ] [2021-06-22 07:46:19,439] ---------------PASS--------------
[INFO ] [2021-06-22 07:46:19,459] Post Condition: Close browser
[INFO ] [2021-06-22 07:50:25,423] Pre-Condition Step 01: Open browser: 'chrome' and navigate to: 'https://opensource-demo.orangehrmlive.com/index.php/dashboard'
[INFO ] [2021-06-22 07:50:31,699] Pre-Condition Step 02: Enter to Username textbox
[INFO ] [2021-06-22 07:50:31,861] Pre-Condition Step 03: Enter to Password textbox
[INFO ] [2021-06-22 07:50:32,052] Pre-Condition Step 04: Click To Login button
[INFO ] [2021-06-22 07:50:36,376] Pre-Condition Step 05: Set First Name zinzin8506
[INFO ] [2021-06-22 07:50:36,376] Pre-Condition Step 06: Set Last Name Ferguson
[INFO ] [2021-06-22 07:50:36,386] Emp_01 Step 01: Click to PIM Menu
[INFO ] [2021-06-22 07:50:38,137] Emp_01 Step 02: Click to Add button
[INFO ] [2021-06-22 07:50:38,975] Emp_01 Step 03: Enter Fist Name textbox
[INFO ] [2021-06-22 07:50:39,097] Emp_01 Step 04: Enter Last Name textbox
[INFO ] [2021-06-22 07:50:39,251] Emp_01 Step 05: Input Photograph file
[INFO ] [2021-06-22 07:50:39,251] Emp_01 Step 06: Click to Save button
[INFO ] [2021-06-22 07:50:41,414] Emp_01 Step 07: Verify with Full name zinzin8506 Ferguson displayed at personal detail form
[INFO ] [2021-06-22 07:50:41,476]  -------------------------- PASSED -------------------------- 
[INFO ] [2021-06-22 07:50:41,477] Emp_01 Step 08: Verify with First name zinzin8506 displayed at personal detail form
[INFO ] [2021-06-22 07:50:41,520] ----------------FAIL-------------
[INFO ] [2021-06-22 07:50:41,520] Emp_01 Step 09: Verify with Last name Ferguson displayed at personal detail form
[INFO ] [2021-06-22 07:50:41,570] ----------------FAIL-------------
[INFO ] [2021-06-22 07:50:41,570] Emp_01 Step 10: Verify with Employee ID  displayed at personal detail form
[INFO ] [2021-06-22 07:50:41,615] ---------------PASS--------------
[INFO ] [2021-06-22 07:50:41,634] Post Condition: Close browser
[INFO ] [2021-06-22 09:01:50,119] Pre-Condition Step 01: Open browser: 'chrome' and navigate to: 'https://opensource-demo.orangehrmlive.com/index.php/dashboard'
[INFO ] [2021-06-22 09:01:57,139] Pre-Condition Step 02: Enter to Username textbox
[INFO ] [2021-06-22 09:01:57,287] Pre-Condition Step 03: Enter to Password textbox
[INFO ] [2021-06-22 09:01:57,457] Pre-Condition Step 04: Click To Login button
[INFO ] [2021-06-22 09:02:01,854] Pre-Condition Step 05: Set First Name zinzin2360
[INFO ] [2021-06-22 09:02:01,854] Pre-Condition Step 06: Set Last Name Ferguson
[INFO ] [2021-06-22 09:02:01,865] Emp_01 Step 01: Click to PIM Menu
[INFO ] [2021-06-22 09:02:03,930] Emp_01 Step 02: Click to Add button
[INFO ] [2021-06-22 09:02:04,835] Emp_01 Step 03: Enter Fist Name textbox
[INFO ] [2021-06-22 09:02:04,968] Emp_01 Step 04: Enter Last Name textbox
[INFO ] [2021-06-22 09:02:45,828] Post Condition: Close browser
[INFO ] [2021-06-22 09:16:02,200] Pre-Condition Step 01: Open browser: 'chrome' and navigate to: 'https://opensource-demo.orangehrmlive.com/index.php/dashboard'
[INFO ] [2021-06-22 09:16:09,054] Pre-Condition Step 02: Enter to Username textbox
[INFO ] [2021-06-22 09:16:09,268] Pre-Condition Step 03: Enter to Password textbox
[INFO ] [2021-06-22 09:16:09,401] Pre-Condition Step 04: Click To Login button
[INFO ] [2021-06-22 09:16:12,287] Pre-Condition Step 05: Set First Name zinzin9744
[INFO ] [2021-06-22 09:16:12,287] Pre-Condition Step 06: Set Last Name Ferguson
[INFO ] [2021-06-22 09:16:12,346] Emp_01 Step 01: Click to PIM Menu
[INFO ] [2021-06-22 09:16:14,800] Emp_01 Step 02: Click to Add button
[INFO ] [2021-06-22 09:16:15,759] Emp_01 Step 03: Enter Fist Name textbox
[INFO ] [2021-06-22 09:16:15,899] Emp_01 Step 04: Enter Last Name textbox
[INFO ] [2021-06-22 09:16:56,680] Post Condition: Close browser
[INFO ] [2021-06-22 09:19:36,697] Pre-Condition Step 01: Open browser: 'chrome' and navigate to: 'https://opensource-demo.orangehrmlive.com/index.php/dashboard'
[INFO ] [2021-06-22 09:19:43,342] Pre-Condition Step 02: Enter to Username textbox
[INFO ] [2021-06-22 09:19:43,522] Pre-Condition Step 03: Enter to Password textbox
[INFO ] [2021-06-22 09:19:43,653] Pre-Condition Step 04: Click To Login button
[INFO ] [2021-06-22 09:19:48,041] Pre-Condition Step 05: Set First Name zinzin8421
[INFO ] [2021-06-22 09:19:48,041] Pre-Condition Step 06: Set Last Name Ferguson
[INFO ] [2021-06-22 09:19:48,099] Emp_01 Step 01: Click to PIM Menu
[INFO ] [2021-06-22 09:19:50,128] Emp_01 Step 02: Click to Add button
[INFO ] [2021-06-22 09:19:50,982] Emp_01 Step 03: Enter Fist Name textbox
[INFO ] [2021-06-22 09:19:51,113] Emp_01 Step 04: Enter Last Name textbox
[INFO ] [2021-06-22 09:19:51,276] Emp_01 Step 05: Input Photograph file
[INFO ] [2021-06-22 09:19:51,277] Emp_01 Step 06: Click to Save button
[INFO ] [2021-06-22 09:19:53,992] Emp_01 Step 07: Verify with Full name zinzin8421 Ferguson displayed at personal detail form
[INFO ] [2021-06-22 09:19:54,065]  -------------------------- PASSED -------------------------- 
[INFO ] [2021-06-22 09:19:54,066] Emp_01 Step 08: Verify with First name zinzin8421 displayed at personal detail form
[INFO ] [2021-06-22 09:19:54,107] ---------------PASS--------------
[INFO ] [2021-06-22 09:19:54,107] Emp_01 Step 09: Verify with Last name Ferguson displayed at personal detail form
[INFO ] [2021-06-22 09:19:54,155] ---------------PASS--------------
[INFO ] [2021-06-22 09:19:54,155] Emp_01 Step 10: Verify with Employee ID 0288 displayed at personal detail form
[INFO ] [2021-06-22 09:19:54,199] ---------------PASS--------------
[INFO ] [2021-06-22 09:19:54,219] Post Condition: Close browser
[INFO ] [2021-06-22 10:16:18,120] Pre-Condition Step 01: Open browser: 'chrome' and navigate to: 'https://opensource-demo.orangehrmlive.com/index.php/dashboard'
[INFO ] [2021-06-22 10:16:25,168] Pre-Condition Step 02: Enter to Username textbox
[INFO ] [2021-06-22 10:16:25,385] Pre-Condition Step 03: Enter to Password textbox
[INFO ] [2021-06-22 10:16:25,582] Pre-Condition Step 04: Click To Login button
[INFO ] [2021-06-22 10:16:29,531] Pre-Condition Step 05: Set First Name zinzin7547
[INFO ] [2021-06-22 10:16:29,531] Pre-Condition Step 06: Set Last Name Ferguson
[INFO ] [2021-06-22 10:16:29,544] Emp_01 Step 01: Click to PIM Menu
[INFO ] [2021-06-22 10:16:31,485] Emp_01 Step 02: Click to Add button
[INFO ] [2021-06-22 10:16:32,432] Emp_01 Step 03: Enter Fist Name textbox
[INFO ] [2021-06-22 10:16:32,563] Emp_01 Step 04: Enter Last Name textbox
[INFO ] [2021-06-22 10:16:32,720] Emp_01 Step 05: Input Photograph file
[INFO ] [2021-06-22 10:16:32,720] Emp_01 Step 06: Click to Save button
[INFO ] [2021-06-22 10:16:34,773] Emp_01 Step 07: Verify with Full name zinzin7547 Ferguson displayed at personal detail form
[INFO ] [2021-06-22 10:16:34,821] -------------------------- PASSED --------------------------
[INFO ] [2021-06-22 10:16:34,822] Emp_01 Step 08: Verify with First name zinzin7547 displayed at personal detail form
[INFO ] [2021-06-22 10:16:34,865] -------------------------- PASS --------------------------
[INFO ] [2021-06-22 10:16:34,865] Emp_01 Step 09: Verify with Last name Ferguson displayed at personal detail form
[INFO ] [2021-06-22 10:16:34,905] -------------------------- PASS --------------------------
[INFO ] [2021-06-22 10:16:34,905] Emp_01 Step 10: Verify with Employee ID 0274 displayed at personal detail form
[INFO ] [2021-06-22 10:16:34,949] -------------------------- PASS --------------------------
[INFO ] [2021-06-22 10:16:34,952] Emp_02 Step 01: Enter Employee Name textbox zinzin7547 Ferguson
[INFO ] [2021-06-22 10:27:02,106] Pre-Condition Step 01: Open browser: 'chrome' and navigate to: 'https://opensource-demo.orangehrmlive.com/index.php/dashboard'
[INFO ] [2021-06-22 10:27:09,087] Pre-Condition Step 02: Enter to Username textbox
[INFO ] [2021-06-22 10:27:09,238] Pre-Condition Step 03: Enter to Password textbox
[INFO ] [2021-06-22 10:27:09,402] Pre-Condition Step 04: Click To Login button
[INFO ] [2021-06-22 10:27:13,487] Pre-Condition Step 05: Set First Name zinzin8235
[INFO ] [2021-06-22 10:27:13,488] Pre-Condition Step 06: Set Last Name Ferguson
[INFO ] [2021-06-22 10:27:13,545] Emp_01 Step 01: Click to PIM Menu
[INFO ] [2021-06-22 10:27:15,653] Emp_01 Step 02: Click to Add button
[INFO ] [2021-06-22 10:27:16,564] Emp_01 Step 03: Enter Fist Name textbox
[INFO ] [2021-06-22 10:27:16,702] Emp_01 Step 04: Enter Last Name textbox
[INFO ] [2021-06-22 10:27:16,862] Emp_01 Step 05: Input Photograph file
[INFO ] [2021-06-22 10:27:16,862] Emp_01 Step 06: Click to Save button
[INFO ] [2021-06-22 10:27:18,996] Emp_01 Step 07: Verify with Full name zinzin8235 Ferguson displayed at personal detail form
[INFO ] [2021-06-22 10:27:19,082] -------------------------- PASSED --------------------------
[INFO ] [2021-06-22 10:27:19,084] Emp_01 Step 08: Verify with First name zinzin8235 displayed at personal detail form
[INFO ] [2021-06-22 10:27:19,127] -------------------------- PASS --------------------------
[INFO ] [2021-06-22 10:27:19,127] Emp_01 Step 09: Verify with Last name Ferguson displayed at personal detail form
[INFO ] [2021-06-22 10:27:19,175] -------------------------- PASS --------------------------
[INFO ] [2021-06-22 10:27:19,175] Emp_01 Step 10: Verify with Employee ID 0302 displayed at personal detail form
[INFO ] [2021-06-22 10:27:19,220] -------------------------- PASS --------------------------
[INFO ] [2021-06-22 10:27:19,222] Go to Employee List
[INFO ] [2021-06-22 10:27:20,539] Emp_02 Step 01: Enter Employee Name textbox zinzin8235 Ferguson
[INFO ] [2021-06-22 10:27:20,685] Emp_02 Step 02: Click to Search button
[INFO ] [2021-06-22 10:27:21,706] Post Condition: Close browser
[INFO ] [2021-06-22 10:34:43,761] Pre-Condition Step 01: Open browser: 'chrome' and navigate to: 'https://opensource-demo.orangehrmlive.com/index.php/dashboard'
[INFO ] [2021-06-22 10:34:51,235] Pre-Condition Step 02: Enter to Username textbox
[INFO ] [2021-06-22 10:34:51,374] Pre-Condition Step 03: Enter to Password textbox
[INFO ] [2021-06-22 10:34:51,490] Pre-Condition Step 04: Click To Login button
[INFO ] [2021-06-22 10:34:56,293] Pre-Condition Step 05: Set First Name zinzin6855
[INFO ] [2021-06-22 10:34:56,293] Pre-Condition Step 06: Set Last Name Ferguson
[INFO ] [2021-06-22 10:34:56,349] Emp_01 Step 01: Click to PIM Menu
[INFO ] [2021-06-22 10:34:58,416] Emp_01 Step 02: Click to Add button
[INFO ] [2021-06-22 10:34:59,210] Emp_01 Step 03: Enter Fist Name textbox
[INFO ] [2021-06-22 10:34:59,338] Emp_01 Step 04: Enter Last Name textbox
[INFO ] [2021-06-22 10:34:59,496] Emp_01 Step 05: Input Photograph file
[INFO ] [2021-06-22 10:34:59,496] Emp_01 Step 06: Click to Save button
[INFO ] [2021-06-22 10:35:02,311] Emp_01 Step 07: Verify with Full name zinzin6855 Ferguson displayed at personal detail form
[INFO ] [2021-06-22 10:35:02,366] -------------------------- PASSED --------------------------
[INFO ] [2021-06-22 10:35:02,367] Emp_01 Step 08: Verify with First name zinzin6855 displayed at personal detail form
[INFO ] [2021-06-22 10:35:02,423] -------------------------- PASS --------------------------
[INFO ] [2021-06-22 10:35:02,424] Emp_01 Step 09: Verify with Last name Ferguson displayed at personal detail form
[INFO ] [2021-06-22 10:35:02,464] -------------------------- PASS --------------------------
[INFO ] [2021-06-22 10:35:02,464] Emp_01 Step 10: Verify with Employee ID 0309 displayed at personal detail form
[INFO ] [2021-06-22 10:35:02,506] -------------------------- PASS --------------------------
[INFO ] [2021-06-22 10:35:02,509] Go to Employee List
[INFO ] [2021-06-22 10:35:03,736] Emp_02 Step 01: Enter Employee Name textbox zinzin6855 Ferguson
[INFO ] [2021-06-22 10:35:03,875] Emp_02 Step 02: Click to Search button
[INFO ] [2021-06-22 10:35:04,839] Post Condition: Close browser
[INFO ] [2021-06-22 11:00:15,221] Pre-Condition Step 01: Open browser: 'chrome' and navigate to: 'https://opensource-demo.orangehrmlive.com/index.php/dashboard'
[INFO ] [2021-06-22 11:00:21,842] Pre-Condition Step 02: Enter to Username textbox
[INFO ] [2021-06-22 11:00:22,041] Pre-Condition Step 03: Enter to Password textbox
[INFO ] [2021-06-22 11:00:22,162] Pre-Condition Step 04: Click To Login button
[INFO ] [2021-06-22 11:00:25,995] Pre-Condition Step 05: Set First Name zinzin9053
[INFO ] [2021-06-22 11:00:25,995] Pre-Condition Step 06: Set Last Name Ferguson
[INFO ] [2021-06-22 11:00:26,053] Emp_01 Step 01: Click to PIM Menu
[INFO ] [2021-06-22 11:00:28,106] Emp_01 Step 02: Click to Add button
[INFO ] [2021-06-22 11:00:29,015] Emp_01 Step 03: Enter Fist Name textbox
[INFO ] [2021-06-22 11:00:29,163] Emp_01 Step 04: Enter Last Name textbox
[INFO ] [2021-06-22 11:00:29,340] Emp_01 Step 05: Input Photograph file
[INFO ] [2021-06-22 11:00:29,340] Emp_01 Step 06: Click to Save button
[INFO ] [2021-06-22 11:00:31,266] Emp_01 Step 07: Verify with Full name zinzin9053 Ferguson displayed at personal detail form
[INFO ] [2021-06-22 11:00:31,322] -------------------------- PASSED --------------------------
[INFO ] [2021-06-22 11:00:31,324] Emp_01 Step 08: Verify with First name zinzin9053 displayed at personal detail form
[INFO ] [2021-06-22 11:00:31,368] -------------------------- PASS --------------------------
[INFO ] [2021-06-22 11:00:31,368] Emp_01 Step 09: Verify with Last name Ferguson displayed at personal detail form
[INFO ] [2021-06-22 11:00:31,411] -------------------------- PASS --------------------------
[INFO ] [2021-06-22 11:00:31,411] Emp_01 Step 10: Verify with Employee ID 0341 displayed at personal detail form
[INFO ] [2021-06-22 11:00:31,455] -------------------------- PASS --------------------------
[INFO ] [2021-06-22 11:00:31,459] Emp_02 Step 01: Go to Employee List
[INFO ] [2021-06-22 11:00:32,589] Emp_02 Step 02: Enter Employee Name textbox zinzin9053 Ferguson
[INFO ] [2021-06-22 11:00:32,722] Emp_02 Step 03: Click to Search button
[INFO ] [2021-06-22 11:00:38,618] Post Condition: Close browser
[INFO ] [2021-06-22 11:46:43,096] Pre-Condition Step 01: Open browser: 'chrome' and navigate to: 'https://opensource-demo.orangehrmlive.com/index.php/dashboard'
[INFO ] [2021-06-22 11:46:52,463] Pre-Condition Step 02: Enter to Username textbox
[INFO ] [2021-06-22 11:46:52,639] Pre-Condition Step 03: Enter to Password textbox
[INFO ] [2021-06-22 11:46:52,832] Pre-Condition Step 04: Click To Login button
[INFO ] [2021-06-22 11:46:57,113] Pre-Condition Step 05: Set First Name zinzin6993
[INFO ] [2021-06-22 11:46:57,113] Pre-Condition Step 06: Set Last Name Ferguson
[INFO ] [2021-06-22 11:46:57,121] Emp_01 Step 01: Click to PIM Menu
[INFO ] [2021-06-22 11:46:59,172] Emp_01 Step 02: Click to Add button
[INFO ] [2021-06-22 11:46:59,973] Emp_01 Step 03: Enter Fist Name textbox
[INFO ] [2021-06-22 11:47:00,102] Emp_01 Step 04: Enter Last Name textbox
[INFO ] [2021-06-22 11:47:00,257] Emp_01 Step 05: Input Photograph file
[INFO ] [2021-06-22 11:47:00,257] Emp_01 Step 06: Click to Save button
[INFO ] [2021-06-22 11:47:02,453] Emp_01 Step 07: Verify with Full name zinzin6993 Ferguson displayed at personal detail form
[INFO ] [2021-06-22 11:47:02,519] -------------------------- PASSED --------------------------
[INFO ] [2021-06-22 11:47:02,520] Emp_01 Step 08: Verify with First name zinzin6993 displayed at personal detail form
[INFO ] [2021-06-22 11:47:02,560] -------------------------- PASS --------------------------
[INFO ] [2021-06-22 11:47:02,560] Emp_01 Step 09: Verify with Last name Ferguson displayed at personal detail form
[INFO ] [2021-06-22 11:47:02,613] -------------------------- PASS --------------------------
[INFO ] [2021-06-22 11:47:02,613] Emp_01 Step 10: Verify with Employee ID 0410 displayed at personal detail form
[INFO ] [2021-06-22 11:47:02,665] -------------------------- PASS --------------------------
[INFO ] [2021-06-22 11:47:02,762] Emp_02 Step 01: Go to Employee List
[INFO ] [2021-06-22 11:47:03,984] Emp_02 Step 02: Enter Employee Name textbox zinzin6993 Ferguson
[INFO ] [2021-06-22 11:47:04,114] Emp_02 Step 03: Click to Search button
[INFO ] [2021-06-22 11:47:10,035] Post Condition: Close browser
[INFO ] [2021-06-22 14:14:44,125] Pre-Condition Step 01: Open browser: 'chrome' and navigate to: 'https://opensource-demo.orangehrmlive.com/index.php/dashboard'
[INFO ] [2021-06-22 14:14:51,492] Pre-Condition Step 02: Enter to Username textbox
[INFO ] [2021-06-22 14:14:51,683] Pre-Condition Step 03: Enter to Password textbox
[INFO ] [2021-06-22 14:14:51,830] Pre-Condition Step 04: Click To Login button
[INFO ] [2021-06-22 14:14:56,369] Pre-Condition Step 05: Set First Name zinzin9802
[INFO ] [2021-06-22 14:14:56,369] Pre-Condition Step 06: Set Last Name Ferguson
[INFO ] [2021-06-22 14:14:56,381] Emp_01 Step 01: Click to PIM Menu
[INFO ] [2021-06-22 14:14:58,485] Emp_01 Step 02: Click to Add button
[INFO ] [2021-06-22 14:14:59,396] Emp_01 Step 03: Enter Fist Name textbox
[INFO ] [2021-06-22 14:14:59,522] Emp_01 Step 04: Enter Last Name textbox
[INFO ] [2021-06-22 14:14:59,681] Emp_01 Step 05: Input Photograph file
[INFO ] [2021-06-22 14:14:59,682] Emp_01 Step 06: Click to Save button
[INFO ] [2021-06-22 14:15:01,770] Emp_01 Step 07: Verify with Full name zinzin9802 Ferguson displayed at personal detail form
[INFO ] [2021-06-22 14:15:01,827] -------------------------- PASSED --------------------------
[INFO ] [2021-06-22 14:15:01,828] Emp_01 Step 08: Verify with First name zinzin9802 displayed at personal detail form
[INFO ] [2021-06-22 14:15:01,870] -------------------------- PASS --------------------------
[INFO ] [2021-06-22 14:15:01,870] Emp_01 Step 09: Verify with Last name Ferguson displayed at personal detail form
[INFO ] [2021-06-22 14:15:01,910] -------------------------- PASS --------------------------
[INFO ] [2021-06-22 14:15:01,911] Emp_01 Step 10: Verify with Employee ID 0274 displayed at personal detail form
[INFO ] [2021-06-22 14:15:01,952] -------------------------- PASS --------------------------
[INFO ] [2021-06-22 14:15:02,056] Emp_02 Step 01: Go to Employee List
[INFO ] [2021-06-22 14:15:03,230] Emp_02 Step 02: Enter Employee Name textbox zinzin9802 Ferguson
[INFO ] [2021-06-22 14:15:03,369] Emp_02 Step 03: Click to Search button
[INFO ] [2021-06-22 14:15:09,340] Post Condition: Close browser
[INFO ] [2021-06-22 14:15:42,800] Pre-Condition Step 01: Open browser: 'chrome' and navigate to: 'https://opensource-demo.orangehrmlive.com/index.php/dashboard'
[INFO ] [2021-06-22 14:15:49,075] Pre-Condition Step 02: Enter to Username textbox
[INFO ] [2021-06-22 14:15:49,291] Pre-Condition Step 03: Enter to Password textbox
[INFO ] [2021-06-22 14:15:49,441] Pre-Condition Step 04: Click To Login button
[INFO ] [2021-06-22 14:15:53,644] Pre-Condition Step 05: Set First Name zinzin9443
[INFO ] [2021-06-22 14:15:53,644] Pre-Condition Step 06: Set Last Name Ferguson
[INFO ] [2021-06-22 14:15:53,698] Emp_01 Step 01: Click to PIM Menu
[INFO ] [2021-06-22 14:15:55,777] Emp_01 Step 02: Click to Add button
[INFO ] [2021-06-22 14:15:56,637] Emp_01 Step 03: Enter Fist Name textbox
[INFO ] [2021-06-22 14:15:56,771] Emp_01 Step 04: Enter Last Name textbox
[INFO ] [2021-06-22 14:15:56,933] Emp_01 Step 05: Input Photograph file
[INFO ] [2021-06-22 14:15:56,933] Emp_01 Step 06: Click to Save button
[INFO ] [2021-06-22 14:15:59,131] Emp_01 Step 07: Verify with Full name zinzin9443 Ferguson displayed at personal detail form
[INFO ] [2021-06-22 14:15:59,181] -------------------------- PASSED --------------------------
[INFO ] [2021-06-22 14:15:59,183] Emp_01 Step 08: Verify with First name zinzin9443 displayed at personal detail form
[INFO ] [2021-06-22 14:15:59,225] -------------------------- PASS --------------------------
[INFO ] [2021-06-22 14:15:59,225] Emp_01 Step 09: Verify with Last name Ferguson displayed at personal detail form
[INFO ] [2021-06-22 14:15:59,273] -------------------------- PASS --------------------------
[INFO ] [2021-06-22 14:15:59,273] Emp_01 Step 10: Verify with Employee ID 0275 displayed at personal detail form
[INFO ] [2021-06-22 14:15:59,314] -------------------------- PASS --------------------------
[INFO ] [2021-06-22 14:16:04,464] Post Condition: Close browser
[INFO ] [2021-06-22 14:30:01,748] Pre-Condition Step 01: Open browser: 'chrome' and navigate to: 'https://opensource-demo.orangehrmlive.com/index.php/dashboard'
[INFO ] [2021-06-22 14:30:08,870] Pre-Condition Step 02: Enter to Username textbox
[INFO ] [2021-06-22 14:30:09,072] Pre-Condition Step 03: Enter to Password textbox
[INFO ] [2021-06-22 14:30:09,223] Pre-Condition Step 04: Click To Login button
[INFO ] [2021-06-22 14:30:13,940] Pre-Condition Step 05: Set First Name zinzin4155
[INFO ] [2021-06-22 14:30:13,940] Pre-Condition Step 06: Set Last Name Ferguson
[INFO ] [2021-06-22 14:30:13,994] Emp_01 Step 01: Click to PIM Menu
[INFO ] [2021-06-22 14:30:16,163] Emp_01 Step 02: Click to Add button
[INFO ] [2021-06-22 14:30:17,081] Emp_01 Step 03: Enter Fist Name textbox
[INFO ] [2021-06-22 14:30:17,202] Emp_01 Step 04: Enter Last Name textbox
[INFO ] [2021-06-22 14:30:17,358] Emp_01 Step 05: Input Photograph file
[INFO ] [2021-06-22 14:30:17,358] Emp_01 Step 06: Click to Save button
[INFO ] [2021-06-22 14:30:19,978] Emp_01 Step 07: Verify with Full name zinzin4155 Ferguson displayed at personal detail form
[INFO ] [2021-06-22 14:30:20,040] -------------------------- PASSED --------------------------
[INFO ] [2021-06-22 14:30:20,041] Emp_01 Step 08: Verify with First name zinzin4155 displayed at personal detail form
[INFO ] [2021-06-22 14:30:20,081] -------------------------- PASS --------------------------
[INFO ] [2021-06-22 14:30:20,081] Emp_01 Step 09: Verify with Last name Ferguson displayed at personal detail form
[INFO ] [2021-06-22 14:30:20,122] -------------------------- PASS --------------------------
[INFO ] [2021-06-22 14:30:20,122] Emp_01 Step 10: Verify with Employee ID 0298 displayed at personal detail form
[INFO ] [2021-06-22 14:30:20,164] -------------------------- PASS --------------------------
[INFO ] [2021-06-22 14:30:20,169] Emp_02 Step 01: Click to Edit button
[INFO ] [2021-06-22 14:30:20,263] Emp_02 Step 02: Enter license expiry date textbox
[INFO ] [2021-06-22 14:30:20,290] Emp_02 Step 03: Choose Nationality on combobox
[INFO ] [2021-06-22 14:30:20,433] Emp_02 Step 04: Click To Save Button
[INFO ] [2021-06-22 14:30:27,482] Post Condition: Close browser
[INFO ] [2021-06-22 14:32:33,194] Pre-Condition Step 01: Open browser: 'chrome' and navigate to: 'https://opensource-demo.orangehrmlive.com/index.php/dashboard'
[INFO ] [2021-06-22 14:32:39,731] Pre-Condition Step 02: Enter to Username textbox
[INFO ] [2021-06-22 14:32:39,913] Pre-Condition Step 03: Enter to Password textbox
[INFO ] [2021-06-22 14:32:40,036] Pre-Condition Step 04: Click To Login button
[INFO ] [2021-06-22 14:32:44,798] Pre-Condition Step 05: Set First Name zinzin6120
[INFO ] [2021-06-22 14:32:44,799] Pre-Condition Step 06: Set Last Name Ferguson
[INFO ] [2021-06-22 14:32:44,856] Emp_01 Step 01: Click to PIM Menu
[INFO ] [2021-06-22 14:32:47,189] Emp_01 Step 02: Click to Add button
[INFO ] [2021-06-22 14:32:48,076] Emp_01 Step 03: Enter Fist Name textbox
[INFO ] [2021-06-22 14:32:48,204] Emp_01 Step 04: Enter Last Name textbox
[INFO ] [2021-06-22 14:32:48,364] Emp_01 Step 05: Input Photograph file
[INFO ] [2021-06-22 14:32:48,364] Emp_01 Step 06: Click to Save button
[INFO ] [2021-06-22 14:32:50,574] Emp_01 Step 07: Verify with Full name zinzin6120 Ferguson displayed at personal detail form
[INFO ] [2021-06-22 14:32:50,632] -------------------------- PASSED --------------------------
[INFO ] [2021-06-22 14:32:50,633] Emp_01 Step 08: Verify with First name zinzin6120 displayed at personal detail form
[INFO ] [2021-06-22 14:32:50,674] -------------------------- PASS --------------------------
[INFO ] [2021-06-22 14:32:50,674] Emp_01 Step 09: Verify with Last name Ferguson displayed at personal detail form
[INFO ] [2021-06-22 14:32:50,715] -------------------------- PASS --------------------------
[INFO ] [2021-06-22 14:32:50,715] Emp_01 Step 10: Verify with Employee ID 0304 displayed at personal detail form
[INFO ] [2021-06-22 14:32:50,761] -------------------------- PASS --------------------------
[INFO ] [2021-06-22 14:32:50,764] Emp_02 Step 01: Click to Edit button
[INFO ] [2021-06-22 14:32:50,852] Emp_02 Step 02: Enter license expiry date textbox
[INFO ] [2021-06-22 14:32:51,020] Emp_02 Step 03: Choose Nationality on combobox
[INFO ] [2021-06-22 14:32:51,129] Emp_02 Step 04: Click To Save Button
[INFO ] [2021-06-22 14:32:57,789] Post Condition: Close browser
[INFO ] [2021-06-22 16:33:35,681] Pre-Condition Step 01: Open browser: 'chrome' and navigate to: 'https://opensource-demo.orangehrmlive.com/index.php/dashboard'
[INFO ] [2021-06-22 16:34:09,835] Pre-Condition Step 02: Enter to Username textbox
[INFO ] [2021-06-22 16:34:10,001] Pre-Condition Step 03: Enter to Password textbox
[INFO ] [2021-06-22 16:34:10,128] Pre-Condition Step 04: Click To Login button
[INFO ] [2021-06-22 16:34:25,478] Pre-Condition Step 05: Set First Name zinzin137
[INFO ] [2021-06-22 16:34:25,479] Pre-Condition Step 06: Set Last Name Ferguson
[INFO ] [2021-06-22 16:34:25,507] Emp_01 Step 01: Click to PIM Menu
[INFO ] [2021-06-22 16:34:29,501] Emp_01 Step 02: Click to Add button
[INFO ] [2021-06-22 16:34:32,643] Emp_01 Step 03: Enter Fist Name textbox
[INFO ] [2021-06-22 16:34:32,772] Emp_01 Step 04: Enter Last Name textbox
[INFO ] [2021-06-22 16:34:32,931] Emp_01 Step 05: Input Photograph file
[INFO ] [2021-06-22 16:34:32,932] Emp_01 Step 06: Click to Save button
[INFO ] [2021-06-22 16:34:39,587] Emp_01 Step 07: Verify with Full name zinzin137 Ferguson displayed at personal detail form
[INFO ] [2021-06-22 16:34:39,637] -------------------------- PASSED --------------------------
[INFO ] [2021-06-22 16:34:39,639] Emp_01 Step 08: Verify with First name zinzin137 displayed at personal detail form
[INFO ] [2021-06-22 16:34:39,687] -------------------------- PASS --------------------------
[INFO ] [2021-06-22 16:34:39,687] Emp_01 Step 09: Verify with Last name Ferguson displayed at personal detail form
[INFO ] [2021-06-22 16:34:39,732] -------------------------- PASS --------------------------
[INFO ] [2021-06-22 16:34:39,733] Emp_01 Step 10: Verify with Employee ID 0281 displayed at personal detail form
[INFO ] [2021-06-22 16:34:39,778] -------------------------- PASS --------------------------
[INFO ] [2021-06-22 16:34:39,781] Emp_02 Step 01: Click to Edit button
[INFO ] [2021-06-22 16:34:39,867] Emp_02 Step 02: Enter license expiry date textbox
[INFO ] [2021-06-22 16:34:40,039] Emp_02 Step 03: Choose Nationality on combobox
[INFO ] [2021-06-22 16:34:40,152] Emp_02 Step 04: Click To Save Button
[INFO ] [2021-06-22 16:34:43,775] 2020-02-01
[INFO ] [2021-06-22 16:34:43,822] true
[INFO ] [2021-06-22 16:34:48,883] Post Condition: Close browser
[INFO ] [2021-06-22 17:12:45,532] Pre-Condition Step 01: Open browser: 'chrome' and navigate to: 'https://opensource-demo.orangehrmlive.com/index.php/dashboard'
[INFO ] [2021-06-22 17:13:19,251] Pre-Condition Step 02: Enter to Username textbox
[INFO ] [2021-06-22 17:13:19,419] Pre-Condition Step 03: Enter to Password textbox
[INFO ] [2021-06-22 17:13:19,535] Pre-Condition Step 04: Click To Login button
[INFO ] [2021-06-22 17:13:32,943] Pre-Condition Step 05: Set First Name zinzin5693
[INFO ] [2021-06-22 17:13:32,943] Pre-Condition Step 06: Set Last Name Ferguson
[INFO ] [2021-06-22 17:13:32,991] Emp_01 Step 01: Click to PIM Menu
[INFO ] [2021-06-22 17:13:36,962] Emp_01 Step 02: Click to Add button
[INFO ] [2021-06-22 17:13:40,357] Emp_01 Step 03: Enter Fist Name textbox
[INFO ] [2021-06-22 17:13:40,487] Emp_01 Step 04: Enter Last Name textbox
[INFO ] [2021-06-22 17:13:40,642] Emp_01 Step 05: Input Photograph file
[INFO ] [2021-06-22 17:13:40,642] Emp_01 Step 06: Click to Save button
[INFO ] [2021-06-22 17:13:46,157] Emp_01 Step 07: Verify with Full name zinzin5693 Ferguson displayed at personal detail form
[INFO ] [2021-06-22 17:13:46,214] -------------------------- PASSED --------------------------
[INFO ] [2021-06-22 17:13:46,215] Emp_01 Step 08: Verify with First name zinzin5693 displayed at personal detail form
[INFO ] [2021-06-22 17:13:46,256] -------------------------- PASS --------------------------
[INFO ] [2021-06-22 17:13:46,256] Emp_01 Step 09: Verify with Last name Ferguson displayed at personal detail form
[INFO ] [2021-06-22 17:13:46,302] -------------------------- PASS --------------------------
[INFO ] [2021-06-22 17:13:46,303] Emp_01 Step 10: Verify with Employee ID 0347 displayed at personal detail form
[INFO ] [2021-06-22 17:13:46,344] -------------------------- PASS --------------------------
[INFO ] [2021-06-22 17:13:46,348] Emp_02 Step 01: Click to Edit button
[INFO ] [2021-06-22 17:13:46,434] Emp_02 Step 02: Enter license expiry date textbox
[INFO ] [2021-06-22 17:13:46,603] Emp_02 Step 03: Choose Nationality on combobox
[INFO ] [2021-06-22 17:13:46,713] Emp_02 Step 04: Click To Save Button
[INFO ] [2021-06-22 17:13:53,484] true
[INFO ] [2021-06-22 17:13:53,484] Emp_02 Step 05: Verify with License Expire Date 2020-02-01 at personal detail
[INFO ] [2021-06-22 17:13:53,526] -------------------------- PASSED --------------------------
[INFO ] [2021-06-22 17:13:58,550] Post Condition: Close browser
[INFO ] [2021-06-22 17:15:49,659] Pre-Condition Step 01: Open browser: 'chrome' and navigate to: 'https://opensource-demo.orangehrmlive.com/index.php/dashboard'
[INFO ] [2021-06-22 17:16:27,164] Pre-Condition Step 02: Enter to Username textbox
[INFO ] [2021-06-22 17:16:27,354] Pre-Condition Step 03: Enter to Password textbox
[INFO ] [2021-06-22 17:16:27,501] Pre-Condition Step 04: Click To Login button
[INFO ] [2021-06-22 17:16:43,320] Pre-Condition Step 05: Set First Name zinzin4118
[INFO ] [2021-06-22 17:16:43,321] Pre-Condition Step 06: Set Last Name Ferguson
[INFO ] [2021-06-22 17:16:43,389] Emp_01 Step 01: Click to PIM Menu
[INFO ] [2021-06-22 17:16:49,934] Emp_01 Step 02: Click to Add button
[INFO ] [2021-06-22 17:16:51,929] Emp_01 Step 03: Enter Fist Name textbox
[INFO ] [2021-06-22 17:16:52,077] Emp_01 Step 04: Enter Last Name textbox
[INFO ] [2021-06-22 17:16:52,245] Emp_01 Step 05: Input Photograph file
[INFO ] [2021-06-22 17:16:52,245] Emp_01 Step 06: Click to Save button
[INFO ] [2021-06-22 17:16:59,370] Emp_01 Step 07: Verify with Full name zinzin4118 Ferguson displayed at personal detail form
[INFO ] [2021-06-22 17:16:59,427] -------------------------- PASSED --------------------------
[INFO ] [2021-06-22 17:16:59,428] Emp_01 Step 08: Verify with First name zinzin4118 displayed at personal detail form
[INFO ] [2021-06-22 17:16:59,470] -------------------------- PASS --------------------------
[INFO ] [2021-06-22 17:16:59,470] Emp_01 Step 09: Verify with Last name Ferguson displayed at personal detail form
[INFO ] [2021-06-22 17:16:59,515] -------------------------- PASS --------------------------
[INFO ] [2021-06-22 17:16:59,515] Emp_01 Step 10: Verify with Employee ID 0359 displayed at personal detail form
[INFO ] [2021-06-22 17:16:59,557] -------------------------- PASS --------------------------
[INFO ] [2021-06-22 17:16:59,560] Emp_02 Step 01: Click to Edit button
[INFO ] [2021-06-22 17:16:59,649] Emp_02 Step 02: Enter license expiry date textbox
[INFO ] [2021-06-22 17:16:59,816] Emp_02 Step 03: Choose Nationality on combobox
[INFO ] [2021-06-22 17:16:59,924] Emp_02 Step 04: Click To Save Button
[INFO ] [2021-06-22 17:17:03,821] American
[INFO ] [2021-06-22 17:17:03,821] Emp_02 Step 05: Verify with License Expire Date 2020-02-01 at personal detail
[INFO ] [2021-06-22 17:17:03,865] -------------------------- PASSED --------------------------
[INFO ] [2021-06-22 17:17:08,904] Post Condition: Close browser
[INFO ] [2021-06-22 17:22:00,824] Pre-Condition Step 01: Open browser: 'chrome' and navigate to: 'https://opensource-demo.orangehrmlive.com/index.php/dashboard'
[INFO ] [2021-06-22 17:22:37,004] Pre-Condition Step 02: Enter to Username textbox
[INFO ] [2021-06-22 17:22:37,171] Pre-Condition Step 03: Enter to Password textbox
[INFO ] [2021-06-22 17:22:37,303] Pre-Condition Step 04: Click To Login button
[INFO ] [2021-06-22 17:22:54,434] Pre-Condition Step 05: Set First Name zinzin1752
[INFO ] [2021-06-22 17:22:54,435] Pre-Condition Step 06: Set Last Name Ferguson
[INFO ] [2021-06-22 17:22:54,507] Emp_01 Step 01: Click to PIM Menu
[INFO ] [2021-06-22 17:23:03,091] Emp_01 Step 02: Click to Add button
[INFO ] [2021-06-22 17:23:05,799] Emp_01 Step 03: Enter Fist Name textbox
[INFO ] [2021-06-22 17:23:05,928] Emp_01 Step 04: Enter Last Name textbox
[INFO ] [2021-06-22 17:23:06,086] Emp_01 Step 05: Input Photograph file
[INFO ] [2021-06-22 17:23:06,086] Emp_01 Step 06: Click to Save button
[INFO ] [2021-06-22 17:23:14,028] Emp_01 Step 07: Verify with Full name zinzin1752 Ferguson displayed at personal detail form
[INFO ] [2021-06-22 17:23:14,092] -------------------------- PASSED --------------------------
[INFO ] [2021-06-22 17:23:14,094] Emp_01 Step 08: Verify with First name zinzin1752 displayed at personal detail form
[INFO ] [2021-06-22 17:23:14,136] -------------------------- PASS --------------------------
[INFO ] [2021-06-22 17:23:14,136] Emp_01 Step 09: Verify with Last name Ferguson displayed at personal detail form
[INFO ] [2021-06-22 17:23:14,182] -------------------------- PASS --------------------------
[INFO ] [2021-06-22 17:23:14,182] Emp_01 Step 10: Verify with Employee ID 0368 displayed at personal detail form
[INFO ] [2021-06-22 17:23:14,230] -------------------------- PASS --------------------------
[INFO ] [2021-06-22 17:23:14,234] Emp_02 Step 01: Click to Edit button
[INFO ] [2021-06-22 17:23:14,328] Emp_02 Step 02: Enter license expiry date textbox
[INFO ] [2021-06-22 17:23:14,508] Emp_02 Step 03: Choose Nationality on combobox
[INFO ] [2021-06-22 17:23:14,621] Emp_02 Step 04: Click To Save Button
[INFO ] [2021-06-22 17:23:18,577] Emp_02 Step 05: Verify with License Expire Date 2020-02-01 at personal detail
[INFO ] [2021-06-22 17:23:18,618] -------------------------- PASSED --------------------------
[INFO ] [2021-06-22 17:23:18,619] Emp_02 Step 05: Verify with National American at personal detail
[INFO ] [2021-06-22 17:23:18,662] -------------------------- PASSED --------------------------
[INFO ] [2021-06-22 17:23:23,703] Post Condition: Close browser
[INFO ] [2021-06-22 17:24:01,153] Pre-Condition Step 01: Open browser: 'chrome' and navigate to: 'https://opensource-demo.orangehrmlive.com/index.php/dashboard'
[INFO ] [2021-06-22 17:24:34,146] Pre-Condition Step 02: Enter to Username textbox
[INFO ] [2021-06-22 17:24:34,338] Pre-Condition Step 03: Enter to Password textbox
[INFO ] [2021-06-22 17:24:34,535] Pre-Condition Step 04: Click To Login button
[INFO ] [2021-06-22 17:24:48,158] Pre-Condition Step 05: Set First Name zinzin4027
[INFO ] [2021-06-22 17:24:48,158] Pre-Condition Step 06: Set Last Name Ferguson
[INFO ] [2021-06-22 17:24:48,210] Emp_01 Step 01: Click to PIM Menu
[INFO ] [2021-06-22 17:24:51,536] Emp_01 Step 02: Click to Add button
[INFO ] [2021-06-22 17:24:54,188] Emp_01 Step 03: Enter Fist Name textbox
[INFO ] [2021-06-22 17:24:54,315] Emp_01 Step 04: Enter Last Name textbox
[INFO ] [2021-06-22 17:24:54,469] Emp_01 Step 05: Input Photograph file
[INFO ] [2021-06-22 17:24:54,470] Emp_01 Step 06: Click to Save button
[INFO ] [2021-06-22 17:25:00,874] Emp_01 Step 07: Verify with Full name zinzin4027 Ferguson displayed at personal detail form
[INFO ] [2021-06-22 17:25:00,932] -------------------------- PASSED --------------------------
[INFO ] [2021-06-22 17:25:00,933] Emp_01 Step 08: Verify with First name zinzin4027 displayed at personal detail form
[INFO ] [2021-06-22 17:25:00,972] -------------------------- PASS --------------------------
[INFO ] [2021-06-22 17:25:00,973] Emp_01 Step 09: Verify with Last name Ferguson displayed at personal detail form
[INFO ] [2021-06-22 17:25:01,015] -------------------------- PASS --------------------------
[INFO ] [2021-06-22 17:25:01,016] Emp_01 Step 10: Verify with Employee ID 0373 displayed at personal detail form
[INFO ] [2021-06-22 17:25:01,058] -------------------------- PASS --------------------------
[INFO ] [2021-06-22 17:25:01,061] Emp_02 Step 01: Click to Edit button
[INFO ] [2021-06-22 17:25:01,145] Emp_02 Step 02: Enter license expiry date textbox
[INFO ] [2021-06-22 17:25:01,314] Emp_02 Step 03: Choose Nationality on combobox
[INFO ] [2021-06-22 17:25:01,425] Emp_02 Step 04: Click To Save Button
[INFO ] [2021-06-22 17:25:04,479] Emp_02 Step 05: Verify with License Expire Date 2020-02-01 at personal detail
[INFO ] [2021-06-22 17:25:04,523] -------------------------- PASSED --------------------------
[INFO ] [2021-06-22 17:25:04,523] Emp_02 Step 05: Verify with National American at personal detail
[INFO ] [2021-06-22 17:25:04,566] -------------------------- FAILED --------------------------
[INFO ] [2021-06-22 17:25:09,599] Post Condition: Close browser
[INFO ] [2021-06-22 17:28:32,233] Pre-Condition Step 01: Open browser: 'chrome' and navigate to: 'https://opensource-demo.orangehrmlive.com/index.php/dashboard'
[INFO ] [2021-06-22 17:29:27,326] Pre-Condition Step 02: Enter to Username textbox
[INFO ] [2021-06-22 17:29:27,507] Pre-Condition Step 03: Enter to Password textbox
[INFO ] [2021-06-22 17:29:27,637] Pre-Condition Step 04: Click To Login button
[INFO ] [2021-06-22 17:29:47,838] Pre-Condition Step 05: Set First Name zinzin9065
[INFO ] [2021-06-22 17:29:47,839] Pre-Condition Step 06: Set Last Name Ferguson
[INFO ] [2021-06-22 17:29:47,896] Emp_01 Step 01: Click to PIM Menu
[INFO ] [2021-06-22 17:30:01,863] Emp_01 Step 02: Click to Add button
[INFO ] [2021-06-22 17:30:04,587] Emp_01 Step 03: Enter Fist Name textbox
[INFO ] [2021-06-22 17:30:04,715] Emp_01 Step 04: Enter Last Name textbox
[INFO ] [2021-06-22 17:30:04,866] Emp_01 Step 05: Input Photograph file
[INFO ] [2021-06-22 17:30:04,866] Emp_01 Step 06: Click to Save button
[INFO ] [2021-06-22 17:30:28,343] Emp_01 Step 07: Verify with Full name zinzin9065 Ferguson displayed at personal detail form
[INFO ] [2021-06-22 17:30:28,413] -------------------------- PASSED --------------------------
[INFO ] [2021-06-22 17:30:28,415] Emp_01 Step 08: Verify with First name zinzin9065 displayed at personal detail form
[INFO ] [2021-06-22 17:30:28,457] -------------------------- PASS --------------------------
[INFO ] [2021-06-22 17:30:28,457] Emp_01 Step 09: Verify with Last name Ferguson displayed at personal detail form
[INFO ] [2021-06-22 17:30:28,500] -------------------------- PASS --------------------------
[INFO ] [2021-06-22 17:30:28,501] Emp_01 Step 10: Verify with Employee ID 0384 displayed at personal detail form
[INFO ] [2021-06-22 17:30:28,544] -------------------------- PASS --------------------------
[INFO ] [2021-06-22 17:30:28,546] Emp_02 Step 01: Click to Edit button
[INFO ] [2021-06-22 17:30:28,632] Emp_02 Step 02: Enter license expiry date textbox
[INFO ] [2021-06-22 17:30:28,807] Emp_02 Step 03: Choose Nationality on combobox
[INFO ] [2021-06-22 17:30:28,914] Emp_02 Step 04: Click To Save Button
[INFO ] [2021-06-22 17:30:36,227] Emp_02 Step 05: Verify with License Expire Date 2020-02-01 at personal detail
[INFO ] [2021-06-22 17:30:36,265] -------------------------- PASSED --------------------------
[INFO ] [2021-06-22 17:30:36,265] Emp_02 Step 05: Verify with National American at personal detail
[INFO ] [2021-06-22 17:30:36,310] -------------------------- PASSED --------------------------
[INFO ] [2021-06-22 17:30:41,361] Post Condition: Close browser
[INFO ] [2021-06-22 17:34:41,490] Pre-Condition Step 01: Open browser: 'chrome' and navigate to: 'https://opensource-demo.orangehrmlive.com/index.php/dashboard'
[INFO ] [2021-06-22 17:35:28,181] Pre-Condition Step 02: Enter to Username textbox
[INFO ] [2021-06-22 17:35:28,406] Pre-Condition Step 03: Enter to Password textbox
[INFO ] [2021-06-22 17:35:28,542] Pre-Condition Step 04: Click To Login button
[INFO ] [2021-06-22 17:36:02,590] Pre-Condition Step 05: Set First Name zinzin3421
[INFO ] [2021-06-22 17:36:02,590] Pre-Condition Step 06: Set Last Name Ferguson
[INFO ] [2021-06-22 17:36:02,599] Emp_01 Step 01: Click to PIM Menu
[INFO ] [2021-06-22 17:36:07,422] Emp_01 Step 02: Click to Add button
[INFO ] [2021-06-22 17:36:10,703] Emp_01 Step 03: Enter Fist Name textbox
[INFO ] [2021-06-22 17:36:10,831] Emp_01 Step 04: Enter Last Name textbox
[INFO ] [2021-06-22 17:36:10,988] Emp_01 Step 05: Input Photograph file
[INFO ] [2021-06-22 17:36:10,988] Emp_01 Step 06: Click to Save button
[INFO ] [2021-06-22 17:36:22,030] Emp_01 Step 07: Verify with Full name zinzin3421 Ferguson displayed at personal detail form
[INFO ] [2021-06-22 17:36:22,084] -------------------------- PASSED --------------------------
[INFO ] [2021-06-22 17:36:22,085] Emp_01 Step 08: Verify with First name zinzin3421 displayed at personal detail form
[INFO ] [2021-06-22 17:36:22,126] -------------------------- PASS --------------------------
[INFO ] [2021-06-22 17:36:22,126] Emp_01 Step 09: Verify with Last name Ferguson displayed at personal detail form
[INFO ] [2021-06-22 17:36:22,167] -------------------------- PASS --------------------------
[INFO ] [2021-06-22 17:36:22,168] Emp_01 Step 10: Verify with Employee ID 0393 displayed at personal detail form
[INFO ] [2021-06-22 17:36:22,209] -------------------------- PASS --------------------------
[INFO ] [2021-06-22 17:36:22,212] Emp_02 Step 01: Click to Edit button
[INFO ] [2021-06-22 17:36:22,299] Emp_02 Step 02: Enter license expiry date textbox
[INFO ] [2021-06-22 17:36:22,456] Emp_02 Step 03: Choose Nationality on combobox
[INFO ] [2021-06-22 17:36:22,564] Emp_02 Step 04: Click To Save Button
[INFO ] [2021-06-22 17:36:25,761] Emp_02 Step 05: Verify with License Expire Date 2020-02-01 at personal detail
[INFO ] [2021-06-22 17:36:25,804] -------------------------- PASSED --------------------------
[INFO ] [2021-06-22 17:36:25,804] Emp_02 Step 05: Verify with National American at personal detail
[INFO ] [2021-06-22 17:37:06,600] Post Condition: Close browser
