[INFO ] [2021-06-24 20:28:34,071] Pre-Condition: Open browser: 'firefox' and navigate to: 'https://demo.nopcommerce.com/'
[INFO ] [2021-06-24 20:28:49,304] User_01_Register - Step 01: Open Home Page
[INFO ] [2021-06-24 20:28:49,313] User_01_Register - Step 02: Open Register Page
[INFO ] [2021-06-24 20:28:54,107] User_01_Register - Step 03: Click To Gender Radio Button
[INFO ] [2021-06-24 20:28:54,382] User_01_Register - Step 04: Enter Frist Name Textbox
[INFO ] [2021-06-24 20:28:54,443] User_01_Register - Step 05: Enter Last Name Textbox
[INFO ] [2021-06-24 20:28:54,512] User_01_Register - Step 06: Enter Email textbox with value: zinzin7678@yahoo.com
[INFO ] [2021-06-24 20:28:54,584] User_01_Register - Step 07: Enter Password textbox with value: 123123
[INFO ] [2021-06-24 20:28:54,645] User_01_Register - Step 08: Enter Confirm Password Textbox with value: 123123
[INFO ] [2021-06-24 20:28:54,702] User_01_Register - Step 09: Click To Register Button
[INFO ] [2021-06-24 20:28:57,224] User_01_Register - Step 10: Verify User Created Success Message
[INFO ] [2021-06-24 20:28:57,281] -------------------------- PASSED --------------------------
[INFO ] [2021-06-24 20:28:57,282] User_01_Register - Step 11: click to Logout link
[INFO ] [2021-06-24 20:29:03,005] User_01_Register - Step 12: Verify Home page is Displayed
[INFO ] [2021-06-24 20:29:03,094] -------------------------- PASSED --------------------------
[INFO ] [2021-06-24 20:29:03,098] User_02_Login - Step 01: Click To Login link
[INFO ] [2021-06-24 20:29:04,525] User_02_Login - Step 02: Enter Email textbox with value: zinzin7678@yahoo.com
[INFO ] [2021-06-24 20:29:04,598] User_02_Login - Step 03: Enter Password textbox with value: 123123
[INFO ] [2021-06-24 20:29:04,662] User_02_Login - Step 04: click to Login button
[INFO ] [2021-06-24 20:29:05,556] User_02_Login - Step 05: Verify Home Page is displayed
[INFO ] [2021-06-24 20:29:05,621] -------------------------- FAILED --------------------------
[INFO ] [2021-06-24 20:29:05,622] Post Condition: Close browser
[INFO ] [2021-06-24 21:07:45,361] Pre-Condition: Open browser: 'firefox' and navigate to: 'https://demo.nopcommerce.com/'
[INFO ] [2021-06-24 21:07:58,661] User_01_Register - Step 01: Open Home Page
[INFO ] [2021-06-24 21:07:58,664] User_01_Register - Step 02: Open Register Page
[INFO ] [2021-06-24 21:08:03,501] User_01_Register - Step 03: Click To Gender Radio Button
[INFO ] [2021-06-24 21:08:03,768] User_01_Register - Step 04: Enter Frist Name Textbox
[INFO ] [2021-06-24 21:08:03,848] User_01_Register - Step 05: Enter Last Name Textbox
[INFO ] [2021-06-24 21:08:03,916] User_01_Register - Step 06: Enter Email textbox with value: zinzin722@yahoo.com
[INFO ] [2021-06-24 21:08:04,002] User_01_Register - Step 07: Enter Password textbox with value: 123123
[INFO ] [2021-06-24 21:08:04,065] User_01_Register - Step 08: Enter Confirm Password Textbox with value: 123123
[INFO ] [2021-06-24 21:08:04,143] User_01_Register - Step 09: Click To Register Button
[INFO ] [2021-06-24 21:08:05,941] User_01_Register - Step 10: Verify User Created Success Message
[INFO ] [2021-06-24 21:08:05,998] -------------------------- PASSED --------------------------
[INFO ] [2021-06-24 21:08:05,999] User_01_Register - Step 11: click to Logout link
[INFO ] [2021-06-24 21:08:10,752] User_01_Register - Step 12: Verify Home page is Displayed
[INFO ] [2021-06-24 21:08:10,829] -------------------------- PASSED --------------------------
[INFO ] [2021-06-24 21:08:10,833] User_02_Login - Step 01: Click To Login link
[INFO ] [2021-06-24 21:08:12,236] User_02_Login - Step 02: Enter Email textbox with value: zinzin722@yahoo.com
[INFO ] [2021-06-24 21:08:12,322] User_02_Login - Step 03: Enter Password textbox with value: 123123
[INFO ] [2021-06-24 21:08:12,386] User_02_Login - Step 04: click to Login button
[INFO ] [2021-06-24 21:08:13,380] User_02_Login - Step 05: Verify Home Page is displayed
[INFO ] [2021-06-24 21:08:13,442] -------------------------- FAILED --------------------------
[INFO ] [2021-06-24 21:08:13,444] Post Condition: Close browser
[INFO ] [2021-06-24 21:10:09,679] Pre-Condition: Open browser: 'firefox' and navigate to: 'https://demo.nopcommerce.com/'
[INFO ] [2021-06-24 21:10:21,231] User_01_Register - Step 01: Open Home Page
[INFO ] [2021-06-24 21:10:21,235] User_01_Register - Step 02: Open Register Page
[INFO ] [2021-06-24 21:10:26,005] User_01_Register - Step 03: Click To Gender Radio Button
[INFO ] [2021-06-24 21:10:26,283] User_01_Register - Step 04: Enter Frist Name Textbox
[INFO ] [2021-06-24 21:10:26,362] User_01_Register - Step 05: Enter Last Name Textbox
[INFO ] [2021-06-24 21:10:26,431] User_01_Register - Step 06: Enter Email textbox with value: zinzin210@yahoo.com
[INFO ] [2021-06-24 21:10:26,503] User_01_Register - Step 07: Enter Password textbox with value: 123123
[INFO ] [2021-06-24 21:10:26,559] User_01_Register - Step 08: Enter Confirm Password Textbox with value: 123123
[INFO ] [2021-06-24 21:10:26,615] User_01_Register - Step 09: Click To Register Button
[INFO ] [2021-06-24 21:10:29,121] User_01_Register - Step 10: Verify User Created Success Message
[INFO ] [2021-06-24 21:10:29,184] -------------------------- PASSED --------------------------
[INFO ] [2021-06-24 21:10:29,186] User_01_Register - Step 11: click to Logout link
[INFO ] [2021-06-24 21:10:33,872] User_01_Register - Step 12: Verify Home page is Displayed
[INFO ] [2021-06-24 21:10:33,972] -------------------------- PASSED --------------------------
[INFO ] [2021-06-24 21:10:33,976] User_02_Login - Step 01: Click To Login link
[INFO ] [2021-06-24 21:10:35,380] User_02_Login - Step 02: Enter Email textbox with value: zinzin210@yahoo.com
[INFO ] [2021-06-24 21:10:35,457] User_02_Login - Step 03: Enter Password textbox with value: 123123
[INFO ] [2021-06-24 21:10:35,519] User_02_Login - Step 04: click to Login button
[INFO ] [2021-06-24 21:10:36,484] User_02_Login - Step 05: Verify Home Page is displayed
[INFO ] [2021-06-24 21:10:36,542] -------------------------- FAILED --------------------------
[INFO ] [2021-06-24 21:10:36,543] Post Condition: Close browser
[INFO ] [2021-06-24 21:18:21,283] Pre-Condition: Open browser: 'firefox' and navigate to: 'https://demo.nopcommerce.com/'
[INFO ] [2021-06-24 21:18:38,798] User_01_Register - Step 01: Open Home Page
[INFO ] [2021-06-24 21:18:38,803] User_01_Register - Step 02: Open Register Page
[INFO ] [2021-06-24 21:18:43,404] User_01_Register - Step 03: Click To Gender Radio Button
[INFO ] [2021-06-24 21:18:43,668] User_01_Register - Step 04: Enter Frist Name Textbox
[INFO ] [2021-06-24 21:18:43,742] User_01_Register - Step 05: Enter Last Name Textbox
[INFO ] [2021-06-24 21:18:43,806] User_01_Register - Step 06: Enter Email textbox with value: zinzin2600@yahoo.com
[INFO ] [2021-06-24 21:18:43,893] User_01_Register - Step 07: Enter Password textbox with value: 123123
[INFO ] [2021-06-24 21:18:43,954] User_01_Register - Step 08: Enter Confirm Password Textbox with value: 123123
[INFO ] [2021-06-24 21:18:44,011] User_01_Register - Step 09: Click To Register Button
[INFO ] [2021-06-24 21:18:46,791] User_01_Register - Step 10: Verify User Created Success Message
[INFO ] [2021-06-24 21:18:46,846] -------------------------- PASSED --------------------------
[INFO ] [2021-06-24 21:18:46,848] User_01_Register - Step 11: click to Logout link
[INFO ] [2021-06-24 21:18:51,937] User_01_Register - Step 12: Verify Home page is Displayed
[INFO ] [2021-06-24 21:18:51,992] -------------------------- PASSED --------------------------
[INFO ] [2021-06-24 21:18:51,996] User_02_Login - Step 01: Click To Login link
[INFO ] [2021-06-24 21:18:54,183] User_02_Login - Step 02: Enter Email textbox with value: zinzin2600@yahoo.com
[INFO ] [2021-06-24 21:18:54,264] User_02_Login - Step 03: Enter Password textbox with value: 123123
[INFO ] [2021-06-24 21:18:54,356] User_02_Login - Step 04: click to Login button
[INFO ] [2021-06-24 21:18:56,432] User_02_Login - Step 05: Verify Home Page is displayed
[INFO ] [2021-06-24 21:18:56,495] -------------------------- FAILED --------------------------
[INFO ] [2021-06-24 21:18:56,497] Post Condition: Close browser
[INFO ] [2021-06-24 21:19:55,120] Pre-Condition: Open browser: 'firefox' and navigate to: 'https://demo.nopcommerce.com/'
[INFO ] [2021-06-24 21:20:07,659] User_01_Register - Step 01: Open Home Page
[INFO ] [2021-06-24 21:20:07,665] User_01_Register - Step 02: Open Register Page
[INFO ] [2021-06-24 21:20:11,357] User_01_Register - Step 03: Click To Gender Radio Button
[INFO ] [2021-06-24 21:20:11,623] User_01_Register - Step 04: Enter Frist Name Textbox
[INFO ] [2021-06-24 21:20:11,691] User_01_Register - Step 05: Enter Last Name Textbox
[INFO ] [2021-06-24 21:20:11,782] User_01_Register - Step 06: Enter Email textbox with value: zinzin4053@yahoo.com
[INFO ] [2021-06-24 21:20:11,875] User_01_Register - Step 07: Enter Password textbox with value: 123123
[INFO ] [2021-06-24 21:20:11,934] User_01_Register - Step 08: Enter Confirm Password Textbox with value: 123123
[INFO ] [2021-06-24 21:20:11,996] User_01_Register - Step 09: Click To Register Button
[INFO ] [2021-06-24 21:20:14,059] User_01_Register - Step 10: Verify User Created Success Message
[INFO ] [2021-06-24 21:20:14,130] -------------------------- PASSED --------------------------
[INFO ] [2021-06-24 21:20:14,133] User_01_Register - Step 11: click to Logout link
[INFO ] [2021-06-24 21:20:18,976] User_01_Register - Step 12: Verify Home page is Displayed
[INFO ] [2021-06-24 21:20:19,072] -------------------------- PASSED --------------------------
[INFO ] [2021-06-24 21:20:19,075] User_02_Login - Step 01: Click To Login link
[INFO ] [2021-06-24 21:20:19,570] User_02_Login - Step 02: Enter Email textbox with value: zinzin4053@yahoo.com
[INFO ] [2021-06-24 21:20:19,670] User_02_Login - Step 03: Enter Password textbox with value: 123123
[INFO ] [2021-06-24 21:20:19,741] User_02_Login - Step 04: click to Login button
[INFO ] [2021-06-24 21:20:21,821] User_02_Login - Step 05: Verify Home Page is displayed
[INFO ] [2021-06-24 21:20:21,880] -------------------------- FAILED --------------------------
[INFO ] [2021-06-24 21:20:21,881] Post Condition: Close browser
[INFO ] [2021-06-24 21:20:45,063] Pre-Condition: Open browser: 'firefox' and navigate to: 'https://demo.nopcommerce.com/'
[INFO ] [2021-06-24 21:21:16,568] User_01_Register - Step 01: Open Home Page
[INFO ] [2021-06-24 21:21:16,573] User_01_Register - Step 02: Open Register Page
[INFO ] [2021-06-24 21:21:21,040] User_01_Register - Step 03: Click To Gender Radio Button
[INFO ] [2021-06-24 21:21:21,315] User_01_Register - Step 04: Enter Frist Name Textbox
[INFO ] [2021-06-24 21:21:21,391] User_01_Register - Step 05: Enter Last Name Textbox
[INFO ] [2021-06-24 21:21:21,461] User_01_Register - Step 06: Enter Email textbox with value: zinzin5057@yahoo.com
[INFO ] [2021-06-24 21:21:21,533] User_01_Register - Step 07: Enter Password textbox with value: 123123
[INFO ] [2021-06-24 21:21:21,594] User_01_Register - Step 08: Enter Confirm Password Textbox with value: 123123
[INFO ] [2021-06-24 21:21:21,663] User_01_Register - Step 09: Click To Register Button
[INFO ] [2021-06-24 21:21:23,789] User_01_Register - Step 10: Verify User Created Success Message
[INFO ] [2021-06-24 21:21:23,873] -------------------------- FAILED --------------------------
[INFO ] [2021-06-24 21:21:23,875] User_01_Register - Step 11: click to Logout link
[INFO ] [2021-06-24 21:21:29,106] User_01_Register - Step 12: Verify Home page is Displayed
[INFO ] [2021-06-24 21:21:29,172] -------------------------- PASSED --------------------------
[INFO ] [2021-06-24 21:21:29,178] User_02_Login - Step 01: Click To Login link
[INFO ] [2021-06-24 21:21:30,455] User_02_Login - Step 02: Enter Email textbox with value: zinzin5057@yahoo.com
[INFO ] [2021-06-24 21:21:30,529] User_02_Login - Step 03: Enter Password textbox with value: 123123
[INFO ] [2021-06-24 21:21:30,596] User_02_Login - Step 04: click to Login button
[INFO ] [2021-06-24 21:21:32,035] User_02_Login - Step 05: Verify Home Page is displayed
[INFO ] [2021-06-24 21:21:32,093] -------------------------- FAILED --------------------------
[INFO ] [2021-06-24 21:21:32,094] Post Condition: Close browser
[INFO ] [2021-06-24 21:38:14,507] Pre-Condition: Open browser: 'firefox' and navigate to: 'https://demo.nopcommerce.com/'
[INFO ] [2021-06-24 21:38:28,230] User_01_Register - Step 01: Open Home Page
[INFO ] [2021-06-24 21:38:28,235] User_01_Register - Step 02: Open Register Page
[INFO ] [2021-06-24 21:38:33,005] User_01_Register - Step 03: Click To Gender Radio Button
[INFO ] [2021-06-24 21:38:33,282] User_01_Register - Step 04: Enter Frist Name Textbox
[INFO ] [2021-06-24 21:38:33,348] User_01_Register - Step 05: Enter Last Name Textbox
[INFO ] [2021-06-24 21:38:33,416] User_01_Register - Step 06: Enter Email textbox with value: zinzin1256@yahoo.com
[INFO ] [2021-06-24 21:38:33,488] User_01_Register - Step 07: Enter Password textbox with value: 123123
[INFO ] [2021-06-24 21:38:33,547] User_01_Register - Step 08: Enter Confirm Password Textbox with value: 123123
[INFO ] [2021-06-24 21:38:33,606] User_01_Register - Step 09: Click To Register Button
[INFO ] [2021-06-24 21:38:36,132] User_01_Register - Step 10: Verify User Created Success Message
[INFO ] [2021-06-24 21:38:36,188] -------------------------- FAILED --------------------------
[INFO ] [2021-06-24 21:38:36,189] User_01_Register - Step 11: click to Logout link
[INFO ] [2021-06-24 21:38:41,838] User_01_Register - Step 12: Verify Home page is Displayed
[INFO ] [2021-06-24 21:38:41,883] -------------------------- PASSED --------------------------
[INFO ] [2021-06-24 21:38:41,887] User_02_Login - Step 01: Click To Login link
[INFO ] [2021-06-24 21:38:43,196] User_02_Login - Step 02: Enter Email textbox with value: zinzin1256@yahoo.com
[INFO ] [2021-06-24 21:38:43,268] User_02_Login - Step 03: Enter Password textbox with value: 123123
[INFO ] [2021-06-24 21:38:43,330] User_02_Login - Step 04: click to Login button
[INFO ] [2021-06-24 21:38:45,236] User_02_Login - Step 05: Verify Home Page is displayed
[INFO ] [2021-06-24 21:38:45,295] -------------------------- FAILED --------------------------
[INFO ] [2021-06-24 21:38:45,297] Post Condition: Close browser
[INFO ] [2021-06-25 06:32:43,360] Pre-Condition: Open browser: 'firefox' and navigate to: 'https://demo.nopcommerce.com/'
[INFO ] [2021-06-25 06:33:06,506] User_01_Register - Step 01: Open Home Page
[INFO ] [2021-06-25 06:33:06,511] User_01_Register - Step 02: Open Register Page
[INFO ] [2021-06-25 06:33:11,813] User_01_Register - Step 03: Click To Gender Radio Button
[INFO ] [2021-06-25 06:33:12,090] User_01_Register - Step 04: Enter Frist Name Textbox
[INFO ] [2021-06-25 06:33:12,209] User_01_Register - Step 05: Enter Last Name Textbox
[INFO ] [2021-06-25 06:33:12,272] User_01_Register - Step 06: Enter Email textbox with value: zinzin5250@yahoo.com
[INFO ] [2021-06-25 06:33:12,344] User_01_Register - Step 07: Enter Password textbox with value: 123123
[INFO ] [2021-06-25 06:33:12,413] User_01_Register - Step 08: Enter Confirm Password Textbox with value: 123123
[INFO ] [2021-06-25 06:33:12,476] User_01_Register - Step 09: Click To Register Button
[INFO ] [2021-06-25 06:33:14,235] User_01_Register - Step 10: Verify User Created Success Message
[INFO ] [2021-06-25 06:33:14,289] -------------------------- FAILED --------------------------
[INFO ] [2021-06-25 06:33:14,291] User_01_Register - Step 11: click to Logout link
[INFO ] [2021-06-25 06:33:19,947] User_01_Register - Step 12: Verify Home page is Displayed
[INFO ] [2021-06-25 06:33:20,032] -------------------------- PASSED --------------------------
[INFO ] [2021-06-25 06:33:20,036] User_02_Login - Step 01: Click To Login link
[INFO ] [2021-06-25 06:33:21,437] User_02_Login - Step 02: Enter Email textbox with value: zinzin5250@yahoo.com
[INFO ] [2021-06-25 06:33:21,529] User_02_Login - Step 03: Enter Password textbox with value: 123123
[INFO ] [2021-06-25 06:33:21,625] User_02_Login - Step 04: click to Login button
[INFO ] [2021-06-25 06:33:23,568] User_02_Login - Step 05: Verify Home Page is displayed
[INFO ] [2021-06-25 06:33:23,647] -------------------------- FAILED --------------------------
[INFO ] [2021-06-25 06:33:23,648] Post Condition: Close browser
[INFO ] [2021-06-25 06:41:02,375] Pre-Condition: Open browser: 'firefox' and navigate to: 'https://demo.nopcommerce.com/'
[INFO ] [2021-06-25 06:41:47,268] User_01_Register - Step 01: Open Home Page
[INFO ] [2021-06-25 06:41:47,271] User_01_Register - Step 02: Open Register Page
[INFO ] [2021-06-25 06:41:52,247] User_01_Register - Step 03: Click To Gender Radio Button
[INFO ] [2021-06-25 06:41:52,519] User_01_Register - Step 04: Enter Frist Name Textbox
[INFO ] [2021-06-25 06:41:52,645] User_01_Register - Step 05: Enter Last Name Textbox
[INFO ] [2021-06-25 06:41:52,715] User_01_Register - Step 06: Enter Email textbox with value: zinzin2466@yahoo.com
[INFO ] [2021-06-25 06:41:52,788] User_01_Register - Step 07: Enter Password textbox with value: 123123
[INFO ] [2021-06-25 06:41:52,862] User_01_Register - Step 08: Enter Confirm Password Textbox with value: 123123
[INFO ] [2021-06-25 06:41:52,915] User_01_Register - Step 09: Click To Register Button
[INFO ] [2021-06-25 06:41:54,994] User_01_Register - Step 10: Verify User Created Success Message
[INFO ] [2021-06-25 06:41:55,071] -------------------------- FAILED --------------------------
[INFO ] [2021-06-25 06:41:55,072] User_01_Register - Step 11: click to Logout link
[INFO ] [2021-06-25 06:41:59,888] User_01_Register - Step 12: Verify Home page is Displayed
[INFO ] [2021-06-25 06:41:59,955] -------------------------- PASSED --------------------------
[INFO ] [2021-06-25 06:41:59,959] User_02_Login - Step 01: Click To Login link
[INFO ] [2021-06-25 06:42:01,098] User_02_Login - Step 02: Enter Email textbox with value: zinzin2466@yahoo.com
[INFO ] [2021-06-25 06:42:01,175] User_02_Login - Step 03: Enter Password textbox with value: 123123
[INFO ] [2021-06-25 06:42:01,246] User_02_Login - Step 04: click to Login button
[INFO ] [2021-06-25 06:42:02,809] User_02_Login - Step 05: Verify Home Page is displayed
[INFO ] [2021-06-25 06:42:02,868] -------------------------- FAILED --------------------------
[INFO ] [2021-06-25 06:42:02,869] Post Condition: Close browser
[INFO ] [2021-06-28 15:52:07,510] Pre-Condition: Open browser: 'firefox' and navigate to: 'https://demo.nopcommerce.com/'
[INFO ] [2021-06-28 15:52:18,120] User_01_Register - Step 01: Open Home Page
[INFO ] [2021-06-28 15:52:18,124] User_01_Register - Step 02: Open Register Page
[INFO ] [2021-06-28 15:52:23,457] User_01_Register - Step 03: Click To Gender Radio Button
[INFO ] [2021-06-28 15:52:23,738] User_01_Register - Step 04: Enter Frist Name Textbox
[INFO ] [2021-06-28 15:52:23,816] User_01_Register - Step 05: Enter Last Name Textbox
[INFO ] [2021-06-28 15:52:23,877] User_01_Register - Step 06: Enter Email textbox with value: zinzin914@yahoo.com
[INFO ] [2021-06-28 15:52:23,953] User_01_Register - Step 07: Enter Password textbox with value: 123123
[INFO ] [2021-06-28 15:52:24,022] User_01_Register - Step 08: Enter Confirm Password Textbox with value: 123123
[INFO ] [2021-06-28 15:52:24,100] User_01_Register - Step 09: Click To Register Button
[INFO ] [2021-06-28 15:52:26,623] User_01_Register - Step 10: Verify User Created Success Message
[INFO ] [2021-06-28 15:52:26,678] -------------------------- FAILED --------------------------
[INFO ] [2021-06-28 15:52:26,680] User_01_Register - Step 11: click to Logout link
[INFO ] [2021-06-28 15:52:31,377] User_01_Register - Step 12: Verify Home page is Displayed
[INFO ] [2021-06-28 15:52:31,451] -------------------------- PASSED --------------------------
[INFO ] [2021-06-28 15:52:31,454] User_02_Login - Step 01: Click To Login link
[INFO ] [2021-06-28 15:52:31,992] User_02_Login - Step 02: Enter Email textbox with value: zinzin914@yahoo.com
[INFO ] [2021-06-28 15:52:32,067] User_02_Login - Step 03: Enter Password textbox with value: 123123
[INFO ] [2021-06-28 15:52:32,127] User_02_Login - Step 04: click to Login button
[INFO ] [2021-06-28 15:52:34,062] User_02_Login - Step 05: Verify Home Page is displayed
[INFO ] [2021-06-28 15:52:34,119] -------------------------- FAILED --------------------------
[INFO ] [2021-06-28 15:52:34,122] Post Condition: Close browser
[INFO ] [2021-06-28 15:55:17,065] Pre-Condition: Open browser: 'firefox' and navigate to: 'https://demo.nopcommerce.com/'
[INFO ] [2021-06-28 15:55:27,021] User_01_Register - Step 01: Open Home Page
[INFO ] [2021-06-28 15:55:27,026] User_01_Register - Step 02: Open Register Page
[INFO ] [2021-06-28 15:55:31,807] User_01_Register - Step 03: Click To Gender Radio Button
[INFO ] [2021-06-28 15:55:32,087] User_01_Register - Step 04: Enter Frist Name Textbox
[INFO ] [2021-06-28 15:55:32,153] User_01_Register - Step 05: Enter Last Name Textbox
[INFO ] [2021-06-28 15:55:32,221] User_01_Register - Step 06: Enter Email textbox with value: zinzin5483@yahoo.com
[INFO ] [2021-06-28 15:55:32,290] User_01_Register - Step 07: Enter Password textbox with value: 123123
[INFO ] [2021-06-28 15:55:32,350] User_01_Register - Step 08: Enter Confirm Password Textbox with value: 123123
[INFO ] [2021-06-28 15:55:32,407] User_01_Register - Step 09: Click To Register Button
[INFO ] [2021-06-28 15:55:34,159] User_01_Register - Step 10: Verify User Created Success Message
[INFO ] [2021-06-28 16:01:37,206] Pre-Condition: Open browser: 'firefox' and navigate to: 'https://demo.nopcommerce.com/'
[INFO ] [2021-06-28 16:01:48,163] User_01_Register - Step 01: Open Home Page
[INFO ] [2021-06-28 16:01:48,168] User_01_Register - Step 02: Open Register Page
[INFO ] [2021-06-28 16:01:53,296] User_01_Register - Step 03: Click To Gender Radio Button
[INFO ] [2021-06-28 16:01:53,553] User_01_Register - Step 04: Enter Frist Name Textbox
[INFO ] [2021-06-28 16:01:53,619] User_01_Register - Step 05: Enter Last Name Textbox
[INFO ] [2021-06-28 16:01:53,686] User_01_Register - Step 06: Enter Email textbox with value: zinzin9907@yahoo.com
[INFO ] [2021-06-28 16:01:53,754] User_01_Register - Step 07: Enter Password textbox with value: 123123
[INFO ] [2021-06-28 16:01:53,833] User_01_Register - Step 08: Enter Confirm Password Textbox with value: 123123
[INFO ] [2021-06-28 16:01:53,891] User_01_Register - Step 09: Click To Register Button
[INFO ] [2021-06-28 16:01:55,232] User_01_Register - Step 10: Verify User Created Success Message
[INFO ] [2021-06-28 16:01:55,287] User_01_Register - Step 11: click to Logout link
[INFO ] [2021-06-28 16:02:00,224] User_01_Register - Step 12: Verify Home page is Displayed
[INFO ] [2021-06-28 16:02:00,294] User_02_Login - Step 01: Click To Login link
[INFO ] [2021-06-28 16:02:01,287] User_02_Login - Step 02: Enter Email textbox with value: zinzin9907@yahoo.com
[INFO ] [2021-06-28 16:02:01,360] User_02_Login - Step 03: Enter Password textbox with value: 123123
[INFO ] [2021-06-28 16:02:01,425] User_02_Login - Step 04: click to Login button
[INFO ] [2021-06-28 16:02:03,314] User_02_Login - Step 05: Verify Home Page is displayed
[INFO ] [2021-06-28 16:02:03,382] Post Condition: Close browser
[INFO ] [2021-06-28 16:30:59,913] Pre-Condition: Open browser: 'firefox' and navigate to: 'https://demo.nopcommerce.com/'
[INFO ] [2021-06-28 16:31:11,744] User_01_Register - Step 01: Open Home Page
[INFO ] [2021-06-28 16:31:11,762] User_01_Register - Step 02: Open Register Page
[INFO ] [2021-06-28 16:31:16,509] User_01_Register - Step 03: Click To Gender Radio Button
[INFO ] [2021-06-28 16:31:16,793] User_01_Register - Step 04: Enter Frist Name Textbox
[INFO ] [2021-06-28 16:31:16,869] User_01_Register - Step 05: Enter Last Name Textbox
[INFO ] [2021-06-28 16:31:16,939] User_01_Register - Step 06: Enter Email textbox with value: zinzin4105@yahoo.com
[INFO ] [2021-06-28 16:31:17,013] User_01_Register - Step 07: Enter Password textbox with value: 123123
[INFO ] [2021-06-28 16:31:17,073] User_01_Register - Step 08: Enter Confirm Password Textbox with value: 123123
[INFO ] [2021-06-28 16:31:17,135] User_01_Register - Step 09: Click To Register Button
[INFO ] [2021-06-28 16:31:19,690] User_01_Register - Step 10: Verify User Created Success Message
[INFO ] [2021-06-28 16:31:19,745] User_01_Register - Step 11: click to Logout link
[INFO ] [2021-06-28 16:31:25,384] User_01_Register - Step 12: Verify Home page is Displayed
[INFO ] [2021-06-28 16:31:25,493] User_02_Login - Step 01: Click To Login link
[INFO ] [2021-06-28 16:31:26,838] User_02_Login - Step 02: Enter Email textbox with value: zinzin4105@yahoo.com
[INFO ] [2021-06-28 16:31:26,921] User_02_Login - Step 03: Enter Password textbox with value: 123123
[INFO ] [2021-06-28 16:31:26,989] User_02_Login - Step 04: click to Login button
[INFO ] [2021-06-28 16:31:27,867] User_02_Login - Step 05: Verify Home Page is displayed
[INFO ] [2021-06-28 16:31:27,931] Post Condition: Close browser
[INFO ] [2021-06-28 16:32:58,753] Pre-Condition: Open browser: 'firefox' and navigate to: 'https://demo.nopcommerce.com/'
[INFO ] [2021-06-28 16:33:09,490] User_01_Register - Step 01: Open Home Page
[INFO ] [2021-06-28 16:33:09,495] User_01_Register - Step 02: Open Register Page
[INFO ] [2021-06-28 16:33:14,221] User_01_Register - Step 03: Click To Gender Radio Button
[INFO ] [2021-06-28 16:33:14,500] User_01_Register - Step 04: Enter Frist Name Textbox
[INFO ] [2021-06-28 16:33:14,579] User_01_Register - Step 05: Enter Last Name Textbox
[INFO ] [2021-06-28 16:33:14,649] User_01_Register - Step 06: Enter Email textbox with value: zinzin605@yahoo.com
[INFO ] [2021-06-28 16:33:14,734] User_01_Register - Step 07: Enter Password textbox with value: 123123
[INFO ] [2021-06-28 16:33:14,793] User_01_Register - Step 08: Enter Confirm Password Textbox with value: 123123
[INFO ] [2021-06-28 16:33:14,848] User_01_Register - Step 09: Click To Register Button
[INFO ] [2021-06-28 16:33:16,608] User_01_Register - Step 10: Verify User Created Success Message
[INFO ] [2021-06-28 16:33:16,665] -------------------------- PASSED --------------------------
[INFO ] [2021-06-28 16:33:16,666] User_01_Register - Step 11: click to Logout link
[INFO ] [2021-06-28 16:33:21,340] User_01_Register - Step 12: Verify Home page is Displayed
[INFO ] [2021-06-28 16:33:21,420] -------------------------- FAILED --------------------------
[INFO ] [2021-06-28 16:33:21,423] User_02_Login - Step 01: Click To Login link
[INFO ] [2021-06-28 16:33:22,786] User_02_Login - Step 02: Enter Email textbox with value: zinzin605@yahoo.com
[INFO ] [2021-06-28 16:33:22,862] User_02_Login - Step 03: Enter Password textbox with value: 123123
[INFO ] [2021-06-28 16:33:22,923] User_02_Login - Step 04: click to Login button
[INFO ] [2021-06-28 16:33:24,794] User_02_Login - Step 05: Verify Home Page is displayed
[INFO ] [2021-06-28 16:33:24,851] -------------------------- FAILED --------------------------
[INFO ] [2021-06-28 16:33:24,852] Post Condition: Close browser
[INFO ] [2021-06-28 20:59:40,777] -------------------------- PASSED --------------------------
[INFO ] [2021-06-28 20:59:43,833] -------------------------- PASSED --------------------------
[INFO ] [2021-06-28 20:59:44,011] -------------------------- FAILED --------------------------
[INFO ] [2021-06-28 20:59:44,047] -------------------------- FAILED --------------------------
[INFO ] [2021-06-28 21:00:44,422] -------------------------- PASSED --------------------------
[INFO ] [2021-06-28 21:00:47,474] -------------------------- PASSED --------------------------
[INFO ] [2021-06-28 21:00:47,653] -------------------------- FAILED --------------------------
[INFO ] [2021-06-28 21:00:47,693] -------------------------- FAILED --------------------------
[INFO ] [2021-06-28 21:09:44,961] -------------------------- PASSED --------------------------
[INFO ] [2021-06-28 21:09:48,022] -------------------------- PASSED --------------------------
[INFO ] [2021-06-28 21:09:48,223] -------------------------- FAILED --------------------------
[INFO ] [2021-06-28 21:09:48,254] -------------------------- FAILED --------------------------
[INFO ] [2021-06-28 21:10:53,935] -------------------------- PASSED --------------------------
[INFO ] [2021-06-28 21:10:56,986] -------------------------- FAILED --------------------------
[INFO ] [2021-06-28 21:10:57,203] -------------------------- FAILED --------------------------
[INFO ] [2021-06-28 21:10:57,268] -------------------------- FAILED --------------------------
[INFO ] [2021-06-28 21:12:30,988] -------------------------- PASSED --------------------------
[INFO ] [2021-06-28 21:12:34,048] -------------------------- FAILED --------------------------
[INFO ] [2021-06-28 21:12:34,251] -------------------------- PASSED --------------------------
[INFO ] [2021-06-28 21:12:34,286] -------------------------- PASSED --------------------------
[INFO ] [2021-06-28 21:22:11,739] -------------------------- PASSED --------------------------
[INFO ] [2021-06-28 21:22:14,801] -------------------------- PASSED --------------------------
[INFO ] [2021-06-28 21:22:14,977] -------------------------- PASSED --------------------------
[INFO ] [2021-06-28 21:22:15,009] -------------------------- PASSED --------------------------
[INFO ] [2021-06-28 21:51:20,423] -------------------------- PASSED --------------------------
[INFO ] [2021-06-28 21:51:23,483] -------------------------- PASSED --------------------------
[INFO ] [2021-06-28 21:51:23,669] -------------------------- PASSED --------------------------
[INFO ] [2021-06-28 21:51:23,706] -------------------------- PASSED --------------------------
[INFO ] [2021-06-28 21:52:51,282] -------------------------- PASSED --------------------------
[INFO ] [2021-06-28 21:52:54,311] -------------------------- PASSED --------------------------
[INFO ] [2021-06-28 21:52:57,494] -------------------------- PASSED --------------------------
[INFO ] [2021-06-28 21:52:57,522] -------------------------- PASSED --------------------------
[INFO ] [2021-06-28 21:57:05,905] -------------------------- PASSED --------------------------
[INFO ] [2021-06-28 21:57:08,954] -------------------------- FAILED --------------------------
[INFO ] [2021-06-28 21:57:12,154] -------------------------- PASSED --------------------------
[INFO ] [2021-06-28 21:57:12,190] -------------------------- PASSED --------------------------
[INFO ] [2021-06-28 21:57:43,365] -------------------------- PASSED --------------------------
[INFO ] [2021-06-28 21:57:46,402] -------------------------- PASSED --------------------------
[INFO ] [2021-06-28 21:57:49,574] -------------------------- PASSED --------------------------
[INFO ] [2021-06-28 21:57:49,602] -------------------------- PASSED --------------------------
[INFO ] [2021-06-28 21:58:57,459] -------------------------- PASSED --------------------------
[INFO ] [2021-06-28 21:59:00,509] -------------------------- FAILED --------------------------
[INFO ] [2021-06-28 21:59:03,673] -------------------------- PASSED --------------------------
[INFO ] [2021-06-28 21:59:03,702] -------------------------- PASSED --------------------------
[INFO ] [2021-06-28 22:05:20,311] -------------------------- PASSED --------------------------
[INFO ] [2021-06-28 22:05:23,350] -------------------------- FAILED --------------------------
[INFO ] [2021-06-28 22:05:26,523] -------------------------- PASSED --------------------------
[INFO ] [2021-06-28 22:05:26,552] -------------------------- PASSED --------------------------
[INFO ] [2021-06-29 07:36:38,755] -------------------------- FAILED --------------------------
[INFO ] [2021-06-29 07:36:41,807] -------------------------- FAILED --------------------------
[INFO ] [2021-06-29 07:36:44,948] -------------------------- PASSED --------------------------
[INFO ] [2021-06-29 07:36:44,977] -------------------------- FAILED --------------------------
[INFO ] [2021-06-29 07:38:32,535] -------------------------- FAILED --------------------------
[INFO ] [2021-06-29 07:38:35,566] -------------------------- FAILED --------------------------
[INFO ] [2021-06-29 07:38:38,733] -------------------------- FAILED --------------------------
[INFO ] [2021-06-29 07:38:38,758] -------------------------- FAILED --------------------------
[INFO ] [2021-06-29 07:42:51,572] -------------------------- FAILED --------------------------
[INFO ] [2021-06-29 07:42:54,633] -------------------------- FAILED --------------------------
[INFO ] [2021-06-29 07:42:57,817] -------------------------- FAILED --------------------------
[INFO ] [2021-06-29 07:42:57,850] -------------------------- FAILED --------------------------
[INFO ] [2021-06-29 07:47:46,572] -------------------------- FAILED --------------------------
[INFO ] [2021-06-29 07:47:49,620] -------------------------- FAILED --------------------------
[INFO ] [2021-06-29 07:47:52,860] -------------------------- FAILED --------------------------
[INFO ] [2021-06-29 07:47:52,891] -------------------------- FAILED --------------------------
[INFO ] [2021-06-29 07:49:49,142] -------------------------- FAILED --------------------------
[INFO ] [2021-06-29 07:49:52,202] -------------------------- FAILED --------------------------
[INFO ] [2021-06-29 07:49:55,413] -------------------------- FAILED --------------------------
[INFO ] [2021-06-29 07:49:55,449] -------------------------- PASSED --------------------------
[INFO ] [2021-06-29 07:54:07,696] -------------------------- FAILED --------------------------
[INFO ] [2021-06-29 07:54:10,755] -------------------------- FAILED --------------------------
[INFO ] [2021-06-29 07:54:13,980] -------------------------- FAILED --------------------------
[INFO ] [2021-06-29 07:54:14,016] -------------------------- PASSED --------------------------
[INFO ] [2021-06-29 07:59:58,423] Pre-Condition: Open browser: 'firefox' and navigate to: 'https://demo.nopcommerce.com/'
[INFO ] [2021-06-29 08:00:14,560] User_01_Register - Step 01: Open Home Page
[INFO ] [2021-06-29 08:00:14,563] User_01_Register - Step 02: Open Register Page
[INFO ] [2021-06-29 08:00:19,666] User_01_Register - Step 03: Click To Gender Radio Button
[INFO ] [2021-06-29 08:00:19,922] User_01_Register - Step 04: Enter Frist Name Textbox
[INFO ] [2021-06-29 08:00:20,012] User_01_Register - Step 05: Enter Last Name Textbox
[INFO ] [2021-06-29 08:00:20,077] User_01_Register - Step 06: Enter Email textbox with value: zinzin1288@yahoo.com
[INFO ] [2021-06-29 08:00:20,165] User_01_Register - Step 07: Enter Password textbox with value: 123123
[INFO ] [2021-06-29 08:00:20,238] User_01_Register - Step 08: Enter Confirm Password Textbox with value: 123123
[INFO ] [2021-06-29 08:00:20,304] User_01_Register - Step 09: Click To Register Button
[INFO ] [2021-06-29 08:00:21,189] User_01_Register - Step 10: Verify User Created Success Message
[INFO ] [2021-06-29 08:00:21,243] -------------------------- PASSED --------------------------
[INFO ] [2021-06-29 08:00:21,244] User_01_Register - Step 11: click to Logout link
[INFO ] [2021-06-29 08:00:25,895] User_01_Register - Step 12: Verify Home page is Displayed
[INFO ] [2021-06-29 08:00:25,988] -------------------------- FAILED --------------------------
[INFO ] [2021-06-29 08:00:25,994] User_02_Login - Step 01: Click To Login link
[INFO ] [2021-06-29 08:00:27,376] User_02_Login - Step 02: Enter Email textbox with value: zinzin1288@yahoo.com
[INFO ] [2021-06-29 08:00:27,458] User_02_Login - Step 03: Enter Password textbox with value: 123123
[INFO ] [2021-06-29 08:00:27,519] User_02_Login - Step 04: click to Login button
[INFO ] [2021-06-29 08:00:29,209] User_02_Login - Step 05: Verify Home Page is displayed
[INFO ] [2021-06-29 08:00:29,267] -------------------------- FAILED --------------------------
[INFO ] [2021-06-29 08:00:29,270] Post Condition: Close browser
[INFO ] [2021-06-29 08:08:49,181] Dung ham custom hard assert de kiem tra
[INFO ] [2021-06-29 08:08:49,276] -------------------------- FAILED --------------------------
[INFO ] [2021-06-29 08:08:52,327] -------------------------- FAILED --------------------------
[INFO ] [2021-06-29 08:08:55,559] -------------------------- FAILED --------------------------
[INFO ] [2021-06-29 08:08:55,592] -------------------------- PASSED --------------------------
